#
# There is insufficient memory for the Java Runtime Environment to continue.
# Native memory allocation (mmap) failed to map 91226112 bytes for committing reserved memory.
# Possible reasons:
#   The system is out of physical RAM or swap space
#   In 32 bit mode, the process size limit was hit
# Possible solutions:
#   Reduce memory load on the system
#   Increase physical memory or swap space
#   Check if swap backing store is full
#   Use 64 bit Java on a 64 bit OS
#   Decrease Java heap size (-Xmx/-Xms)
#   Decrease number of Java threads
#   Decrease Java thread stack sizes (-Xss)
#   Set larger code cache with -XX:ReservedCodeCacheSize=
# This output file may be truncated or incomplete.
#
#  Out of Memory Error (os_linux.cpp:2627), pid=31138, tid=0x00007f0cd38f8700
#
# JRE version: Java(TM) SE Runtime Environment (8.0_112-b15) (build 1.8.0_112-b15)
# Java VM: Java HotSpot(TM) 64-Bit Server VM (25.112-b15 mixed mode linux-amd64 compressed oops)
# Failed to write core dump. Core dumps have been disabled. To enable core dumping, try "ulimit -c unlimited" before starting Java again
#

---------------  T H R E A D  ---------------

Current thread (0x00007f0cf0084800):  VMThread [stack: 0x00007f0cd37f8000,0x00007f0cd38f9000] [id=31151]

Stack: [0x00007f0cd37f8000,0x00007f0cd38f9000],  sp=0x00007f0cd38f7020,  free space=1020k
Native frames: (J=compiled Java code, j=interpreted, Vv=VM code, C=native code)
V  [libjvm.so+0xac6f7a]  VMError::report_and_die()+0x2ba
V  [libjvm.so+0x4fc71b]  report_vm_out_of_memory(char const*, int, unsigned long, VMErrorType, char const*)+0x8b
V  [libjvm.so+0x923b13]  os::Linux::commit_memory_impl(char*, unsigned long, bool)+0x103
V  [libjvm.so+0x924069]  os::pd_commit_memory(char*, unsigned long, unsigned long, bool)+0x29
V  [libjvm.so+0x91e37a]  os::commit_memory(char*, unsigned long, unsigned long, bool)+0x2a
V  [libjvm.so+0x992da3]  PSVirtualSpace::expand_by(unsigned long)+0x53
V  [libjvm.so+0x9941a8]  PSYoungGen::resize_generation(unsigned long, unsigned long)+0xf8
V  [libjvm.so+0x993302]  PSYoungGen::resize(unsigned long, unsigned long)+0x22
V  [libjvm.so+0x9905db]  PSScavenge::invoke_no_policy()+0xf3b
V  [libjvm.so+0x990d61]  PSScavenge::invoke()+0x41
V  [libjvm.so+0x947ac0]  ParallelScavengeHeap::failed_mem_allocate(unsigned long)+0x70
V  [libjvm.so+0xac8997]  VM_ParallelGCFailedAllocation::doit()+0x97
V  [libjvm.so+0xad0475]  VM_Operation::evaluate()+0x55
V  [libjvm.so+0xace84a]  VMThread::evaluate_operation(VM_Operation*)+0xba
V  [libjvm.so+0xacebce]  VMThread::loop()+0x1ce
V  [libjvm.so+0xacf040]  VMThread::run()+0x70
V  [libjvm.so+0x926138]  java_start(Thread*)+0x108

VM_Operation (0x00007f0cf985a7f0): ParallelGCFailedAllocation, mode: safepoint, requested by thread 0x00007f0cf0017000


---------------  P R O C E S S  ---------------

Java Threads: ( => current thread )
  0x00007f0cf2522800 JavaThread "pool-3-thread-1" [_thread_blocked, id=31264, stack(0x00007f0c940fc000,0x00007f0c941fd000)]
  0x00007f0cf2cee800 JavaThread "pool-2-thread-1" [_thread_blocked, id=31229, stack(0x00007f0c949fd000,0x00007f0c94afe000)]
  0x00007f0cf2c9f800 JavaThread "id_tokens.data" [_thread_blocked, id=31227, stack(0x00007f0c94afe000,0x00007f0c94bff000)]
  0x00007f0cf2c89800 JavaThread "Statistics Thread-__DEFAULT__-1" daemon [_thread_blocked, id=31226, stack(0x00007f0cc409f000,0x00007f0cc41a0000)]
  0x00007f0cf2c72000 JavaThread "id_tokens_inv.data" [_thread_blocked, id=31221, stack(0x00007f0cd00d1000,0x00007f0cd01d2000)]
  0x00007f0cf2c63000 JavaThread "__DEFAULT__" daemon [_thread_blocked, id=31220, stack(0x00007f0cd0e83000,0x00007f0cd0f84000)]
  0x00007f0cf1aeb000 JavaThread "Abandoned connection cleanup thread" daemon [_thread_blocked, id=31196, stack(0x00007f0cd06bc000,0x00007f0cd07bd000)]
  0x00007f0cf0a32800 JavaThread "ReaderThread" [_thread_in_native, id=31177, stack(0x00007f0cd2200000,0x00007f0cd2301000)]
  0x00007f0cf00ea800 JavaThread "Service Thread" daemon [_thread_blocked, id=31167, stack(0x00007f0cd2bea000,0x00007f0cd2ceb000)]
  0x00007f0cf00df000 JavaThread "C1 CompilerThread2" daemon [_thread_blocked, id=31165, stack(0x00007f0cd2ceb000,0x00007f0cd2dec000)]
  0x00007f0cf00dd800 JavaThread "C2 CompilerThread1" daemon [_thread_in_native, id=31164, stack(0x00007f0cd2dec000,0x00007f0cd2eed000)]
  0x00007f0cf00da800 JavaThread "C2 CompilerThread0" daemon [_thread_blocked, id=31163, stack(0x00007f0cd2eed000,0x00007f0cd2fee000)]
  0x00007f0cb4001000 JavaThread "JDWP Command Reader" daemon [_thread_blocked, id=31160, stack(0x00007f0cd2fee000,0x00007f0cd30ef000)]
  0x00007f0cf00d8800 JavaThread "JDWP Event Helper Thread" daemon [_thread_blocked, id=31159, stack(0x00007f0cd30ef000,0x00007f0cd31f0000)]
  0x00007f0cf00d4800 JavaThread "JDWP Transport Listener: dt_socket" daemon [_thread_blocked, id=31156, stack(0x00007f0cd31f0000,0x00007f0cd32f1000)]
  0x00007f0cf00c3000 JavaThread "Signal Dispatcher" daemon [_thread_blocked, id=31154, stack(0x00007f0cd34f5000,0x00007f0cd35f6000)]
  0x00007f0cf0091000 JavaThread "Finalizer" daemon [_thread_blocked, id=31153, stack(0x00007f0cd35f6000,0x00007f0cd36f7000)]
  0x00007f0cf008c800 JavaThread "Reference Handler" daemon [_thread_blocked, id=31152, stack(0x00007f0cd36f7000,0x00007f0cd37f8000)]
  0x00007f0cf0017000 JavaThread "main" [_thread_blocked, id=31146, stack(0x00007f0cf9760000,0x00007f0cf9861000)]

Other Threads:
=>0x00007f0cf0084800 VMThread [stack: 0x00007f0cd37f8000,0x00007f0cd38f9000] [id=31151]
  0x00007f0cf00ee000 WatcherThread [stack: 0x00007f0cd2ae9000,0x00007f0cd2bea000] [id=31168]

VM state:at safepoint (normal execution)

VM Mutex/Monitor currently owned by a thread:  ([mutex/lock_event])
[0x00007f0cf00130a0] Threads_lock - owner thread: 0x00007f0cf0084800
[0x00007f0cf00135a0] Heap_lock - owner thread: 0x00007f0cf0017000

Heap:
 PSYoungGen      total 324608K, used 11247K [0x000000076d180000, 0x0000000782e80000, 0x00000007c0000000)
  eden space 313344K, 0% used [0x000000076d180000,0x000000076d180000,0x0000000780380000)
  from space 11264K, 99% used [0x0000000781880000,0x000000078237be48,0x0000000782380000)
  to   space 10240K, 0% used [0x0000000782480000,0x0000000782480000,0x0000000782e80000)
 ParOldGen       total 140800K, used 20496K [0x00000006c7400000, 0x00000006cfd80000, 0x000000076d180000)
  object space 140800K, 14% used [0x00000006c7400000,0x00000006c88042d8,0x00000006cfd80000)
 Metaspace       used 48837K, capacity 49506K, committed 49792K, reserved 1093632K
  class space    used 6068K, capacity 6238K, committed 6272K, reserved 1048576K

Card table byte_map: [0x00007f0cf54ad000,0x00007f0cf5c74000] byte_map_base: 0x00007f0cf1e73000

Marking Bits: (ParMarkBitMap*) 0x00007f0cf8c32c80
 Begin Bits: [0x00007f0cc43a0000, 0x00007f0cc81d0000)
 End Bits:   [0x00007f0cc81d0000, 0x00007f0ccc000000)

Polling page: 0x00007f0cf9885000

CodeCache: size=245760Kb used=16772Kb max_used=16772Kb free=228987Kb
 bounds [0x00007f0ce1000000, 0x00007f0ce2070000, 0x00007f0cf0000000]
 total_blobs=5214 nmethods=4705 adapters=429
 compilation: enabled

Compilation events (10 events):
Event: 11,826 Thread 0x00007f0cf00df000 5245       2       org.terracotta.context.extractor.ObjectContextExtractor::extractInstanceAttribute (40 bytes)
Event: 11,826 Thread 0x00007f0cf00df000 nmethod 5245 0x00007f0ce206b650 code [0x00007f0ce206b840, 0x00007f0ce206be68]
Event: 11,827 Thread 0x00007f0cf00df000 5246       2       org.terracotta.context.extractor.LazyContextElement::<init> (22 bytes)
Event: 11,827 Thread 0x00007f0cf00df000 nmethod 5246 0x00007f0ce206c350 code [0x00007f0ce206c4c0, 0x00007f0ce206c708]
Event: 11,827 Thread 0x00007f0cf00df000 5247       2       org.terracotta.statistics.StatisticsManager$1::contextCreated (5 bytes)
Event: 11,827 Thread 0x00007f0cf00df000 nmethod 5247 0x00007f0ce206c810 code [0x00007f0ce206c980, 0x00007f0ce206cb08]
Event: 11,835 Thread 0x00007f0cf00df000 5248   !   2       sun.reflect.GeneratedMethodAccessor6::invoke (63 bytes)
Event: 11,836 Thread 0x00007f0cf00df000 nmethod 5248 0x00007f0ce206cbd0 code [0x00007f0ce206cdc0, 0x00007f0ce206d2d8]
Event: 11,849 Thread 0x00007f0cf00df000 5249       2       org.springframework.beans.factory.support.AbstractBeanFactory::getBean (9 bytes)
Event: 11,850 Thread 0x00007f0cf00df000 nmethod 5249 0x00007f0ce206d710 code [0x00007f0ce206d880, 0x00007f0ce206da28]

GC Heap History (10 events):
Event: 3,746 GC heap after
Heap after GC invocations=6 (full 1):
 PSYoungGen      total 139264K, used 6268K [0x000000076d180000, 0x000000077a800000, 0x00000007c0000000)
  eden space 129024K, 0% used [0x000000076d180000,0x000000076d180000,0x0000000774f80000)
  from space 10240K, 61% used [0x0000000774f80000,0x000000077559f090,0x0000000775980000)
  to   space 9216K, 0% used [0x0000000779f00000,0x0000000779f00000,0x000000077a800000)
 ParOldGen       total 99328K, used 7934K [0x00000006c7400000, 0x00000006cd500000, 0x000000076d180000)
  object space 99328K, 7% used [0x00000006c7400000,0x00000006c7bbf858,0x00000006cd500000)
 Metaspace       used 25855K, capacity 26242K, committed 26624K, reserved 1073152K
  class space    used 3109K, capacity 3220K, committed 3328K, reserved 1048576K
}
Event: 4,837 GC heap before
{Heap before GC invocations=7 (full 1):
 PSYoungGen      total 139264K, used 135292K [0x000000076d180000, 0x000000077a800000, 0x00000007c0000000)
  eden space 129024K, 100% used [0x000000076d180000,0x0000000774f80000,0x0000000774f80000)
  from space 10240K, 61% used [0x0000000774f80000,0x000000077559f090,0x0000000775980000)
  to   space 9216K, 0% used [0x0000000779f00000,0x0000000779f00000,0x000000077a800000)
 ParOldGen       total 99328K, used 7934K [0x00000006c7400000, 0x00000006cd500000, 0x000000076d180000)
  object space 99328K, 7% used [0x00000006c7400000,0x00000006c7bbf858,0x00000006cd500000)
 Metaspace       used 32832K, capacity 33212K, committed 33536K, reserved 1079296K
  class space    used 4151K, capacity 4261K, committed 4352K, reserved 1048576K
Event: 4,851 GC heap after
Heap after GC invocations=7 (full 1):
 PSYoungGen      total 208384K, used 8882K [0x000000076d180000, 0x000000077a800000, 0x00000007c0000000)
  eden space 199168K, 0% used [0x000000076d180000,0x000000076d180000,0x0000000779400000)
  from space 9216K, 96% used [0x0000000779f00000,0x000000077a7aca40,0x000000077a800000)
  to   space 10240K, 0% used [0x0000000779400000,0x0000000779400000,0x0000000779e00000)
 ParOldGen       total 99328K, used 7942K [0x00000006c7400000, 0x00000006cd500000, 0x000000076d180000)
  object space 99328K, 7% used [0x00000006c7400000,0x00000006c7bc1858,0x00000006cd500000)
 Metaspace       used 32832K, capacity 33212K, committed 33536K, reserved 1079296K
  class space    used 4151K, capacity 4261K, committed 4352K, reserved 1048576K
}
Event: 5,331 GC heap before
{Heap before GC invocations=8 (full 1):
 PSYoungGen      total 208384K, used 59835K [0x000000076d180000, 0x000000077a800000, 0x00000007c0000000)
  eden space 199168K, 25% used [0x000000076d180000,0x0000000770342228,0x0000000779400000)
  from space 9216K, 96% used [0x0000000779f00000,0x000000077a7aca40,0x000000077a800000)
  to   space 10240K, 0% used [0x0000000779400000,0x0000000779400000,0x0000000779e00000)
 ParOldGen       total 99328K, used 7942K [0x00000006c7400000, 0x00000006cd500000, 0x000000076d180000)
  object space 99328K, 7% used [0x00000006c7400000,0x00000006c7bc1858,0x00000006cd500000)
 Metaspace       used 34813K, capacity 35202K, committed 35496K, reserved 1081344K
  class space    used 4420K, capacity 4518K, committed 4608K, reserved 1048576K
Event: 5,367 GC heap after
Heap after GC invocations=8 (full 1):
 PSYoungGen      total 209408K, used 6042K [0x000000076d180000, 0x0000000782e80000, 0x00000007c0000000)
  eden space 199168K, 0% used [0x000000076d180000,0x000000076d180000,0x0000000779400000)
  from space 10240K, 59% used [0x0000000779400000,0x00000007799e69c0,0x0000000779e00000)
  to   space 10240K, 0% used [0x0000000782480000,0x0000000782480000,0x0000000782e80000)
 ParOldGen       total 99328K, used 7950K [0x00000006c7400000, 0x00000006cd500000, 0x000000076d180000)
  object space 99328K, 8% used [0x00000006c7400000,0x00000006c7bc3858,0x00000006cd500000)
 Metaspace       used 34813K, capacity 35202K, committed 35496K, reserved 1081344K
  class space    used 4420K, capacity 4518K, committed 4608K, reserved 1048576K
}
Event: 5,368 GC heap before
{Heap before GC invocations=9 (full 2):
 PSYoungGen      total 209408K, used 6042K [0x000000076d180000, 0x0000000782e80000, 0x00000007c0000000)
  eden space 199168K, 0% used [0x000000076d180000,0x000000076d180000,0x0000000779400000)
  from space 10240K, 59% used [0x0000000779400000,0x00000007799e69c0,0x0000000779e00000)
  to   space 10240K, 0% used [0x0000000782480000,0x0000000782480000,0x0000000782e80000)
 ParOldGen       total 99328K, used 7950K [0x00000006c7400000, 0x00000006cd500000, 0x000000076d180000)
  object space 99328K, 8% used [0x00000006c7400000,0x00000006c7bc3858,0x00000006cd500000)
 Metaspace       used 34813K, capacity 35202K, committed 35496K, reserved 1081344K
  class space    used 4420K, capacity 4518K, committed 4608K, reserved 1048576K
Event: 5,431 GC heap after
Heap after GC invocations=9 (full 2):
 PSYoungGen      total 209408K, used 0K [0x000000076d180000, 0x0000000782e80000, 0x00000007c0000000)
  eden space 199168K, 0% used [0x000000076d180000,0x000000076d180000,0x0000000779400000)
  from space 10240K, 0% used [0x0000000779400000,0x0000000779400000,0x0000000779e00000)
  to   space 10240K, 0% used [0x0000000782480000,0x0000000782480000,0x0000000782e80000)
 ParOldGen       total 140800K, used 12864K [0x00000006c7400000, 0x00000006cfd80000, 0x000000076d180000)
  object space 140800K, 9% used [0x00000006c7400000,0x00000006c80900b8,0x00000006cfd80000)
 Metaspace       used 34813K, capacity 35202K, committed 35496K, reserved 1081344K
  class space    used 4420K, capacity 4518K, committed 4608K, reserved 1048576K
}
Event: 8,014 GC heap before
{Heap before GC invocations=10 (full 2):
 PSYoungGen      total 209408K, used 199168K [0x000000076d180000, 0x0000000782e80000, 0x00000007c0000000)
  eden space 199168K, 100% used [0x000000076d180000,0x0000000779400000,0x0000000779400000)
  from space 10240K, 0% used [0x0000000779400000,0x0000000779400000,0x0000000779e00000)
  to   space 10240K, 0% used [0x0000000782480000,0x0000000782480000,0x0000000782e80000)
 ParOldGen       total 140800K, used 12864K [0x00000006c7400000, 0x00000006cfd80000, 0x000000076d180000)
  object space 140800K, 9% used [0x00000006c7400000,0x00000006c80900b8,0x00000006cfd80000)
 Metaspace       used 42274K, capacity 42808K, committed 43264K, reserved 1087488K
  class space    used 5372K, capacity 5515K, committed 5632K, reserved 1048576K
Event: 8,055 GC heap after
Heap after GC invocations=10 (full 2):
 PSYoungGen      total 323584K, used 10221K [0x000000076d180000, 0x0000000782e80000, 0x00000007c0000000)
  eden space 313344K, 0% used [0x000000076d180000,0x000000076d180000,0x0000000780380000)
  from space 10240K, 99% used [0x0000000782480000,0x0000000782e7b728,0x0000000782e80000)
  to   space 11264K, 0% used [0x0000000781880000,0x0000000781880000,0x0000000782380000)
 ParOldGen       total 140800K, used 13343K [0x00000006c7400000, 0x00000006cfd80000, 0x000000076d180000)
  object space 140800K, 9% used [0x00000006c7400000,0x00000006c8107da8,0x00000006cfd80000)
 Metaspace       used 42274K, capacity 42808K, committed 43264K, reserved 1087488K
  class space    used 5372K, capacity 5515K, committed 5632K, reserved 1048576K
}
Event: 11,876 GC heap before
{Heap before GC invocations=11 (full 2):
 PSYoungGen      total 323584K, used 323565K [0x000000076d180000, 0x0000000782e80000, 0x00000007c0000000)
  eden space 313344K, 100% used [0x000000076d180000,0x0000000780380000,0x0000000780380000)
  from space 10240K, 99% used [0x0000000782480000,0x0000000782e7b728,0x0000000782e80000)
  to   space 11264K, 0% used [0x0000000781880000,0x0000000781880000,0x0000000782380000)
 ParOldGen       total 140800K, used 13343K [0x00000006c7400000, 0x00000006cfd80000, 0x000000076d180000)
  object space 140800K, 9% used [0x00000006c7400000,0x00000006c8107da8,0x00000006cfd80000)
 Metaspace       used 48837K, capacity 49506K, committed 49792K, reserved 1093632K
  class space    used 6068K, capacity 6238K, committed 6272K, reserved 1048576K

Deoptimization events (10 events):
Event: 11,846 Thread 0x00007f0cf0017000 Uncommon trap: reason=unhandled action=none pc=0x00007f0ce198005c method=java.net.URLClassLoader.findClass(Ljava/lang/String;)Ljava/lang/Class; @ 44
Event: 11,846 Thread 0x00007f0cf0017000 Uncommon trap: reason=unhandled action=none pc=0x00007f0ce198005c method=java.net.URLClassLoader.findClass(Ljava/lang/String;)Ljava/lang/Class; @ 44
Event: 11,847 Thread 0x00007f0cf0017000 Uncommon trap: reason=unhandled action=none pc=0x00007f0ce198005c method=java.net.URLClassLoader.findClass(Ljava/lang/String;)Ljava/lang/Class; @ 44
Event: 11,847 Thread 0x00007f0cf0017000 Uncommon trap: reason=unhandled action=none pc=0x00007f0ce198005c method=java.net.URLClassLoader.findClass(Ljava/lang/String;)Ljava/lang/Class; @ 44
Event: 11,848 Thread 0x00007f0cf0017000 Uncommon trap: reason=range_check action=none pc=0x00007f0ce12e4f6c method=sun.reflect.generics.parser.SignatureParser.current()C @ 34
Event: 11,862 Thread 0x00007f0cf0017000 Uncommon trap: reason=unhandled action=none pc=0x00007f0ce198005c method=java.net.URLClassLoader.findClass(Ljava/lang/String;)Ljava/lang/Class; @ 44
Event: 11,863 Thread 0x00007f0cf0017000 Uncommon trap: reason=unhandled action=none pc=0x00007f0ce198005c method=java.net.URLClassLoader.findClass(Ljava/lang/String;)Ljava/lang/Class; @ 44
Event: 11,863 Thread 0x00007f0cf0017000 Uncommon trap: reason=unhandled action=none pc=0x00007f0ce198005c method=java.net.URLClassLoader.findClass(Ljava/lang/String;)Ljava/lang/Class; @ 44
Event: 11,864 Thread 0x00007f0cf0017000 Uncommon trap: reason=unhandled action=none pc=0x00007f0ce198005c method=java.net.URLClassLoader.findClass(Ljava/lang/String;)Ljava/lang/Class; @ 44
Event: 11,864 Thread 0x00007f0cf0017000 Uncommon trap: reason=unhandled action=none pc=0x00007f0ce198005c method=java.net.URLClassLoader.findClass(Ljava/lang/String;)Ljava/lang/Class; @ 44

Internal exceptions (10 events):
Event: 11,816 Thread 0x00007f0cf0017000 Exception <a 'java/lang/ArrayIndexOutOfBoundsException': 39> (0x0000000780154818) thrown at [/HUDSON3/workspace/8-2-build-linux-amd64/jdk8u112/7884/hotspot/src/share/vm/interpreter/interpreterRuntime.cpp, line 366]
Event: 11,817 Thread 0x00007f0cf0017000 Exception <a 'java/lang/ArrayIndexOutOfBoundsException': 38> (0x00000007801627f0) thrown at [/HUDSON3/workspace/8-2-build-linux-amd64/jdk8u112/7884/hotspot/src/share/vm/interpreter/interpreterRuntime.cpp, line 366]
Event: 11,823 Thread 0x00007f0cf0017000 Exception <a 'java/lang/ArrayIndexOutOfBoundsException': 282> (0x00000007801d5e50) thrown at [/HUDSON3/workspace/8-2-build-linux-amd64/jdk8u112/7884/hotspot/src/share/vm/interpreter/interpreterRuntime.cpp, line 366]
Event: 11,839 Thread 0x00007f0cf0017000 Exception <a 'java/lang/ClassNotFoundException': de/ids_mannheim/korap/interfaces/AuthenticationIfaceCustomizer> (0x0000000780276238) thrown at [/HUDSON3/workspace/8-2-build-linux-amd64/jdk8u112/7884/hotspot/src/share/vm/classfile/systemDictionary.cpp, li
Event: 11,839 Thread 0x00007f0cf0017000 Exception <a 'java/lang/ArrayIndexOutOfBoundsException': 141> (0x00000007802798f0) thrown at [/HUDSON3/workspace/8-2-build-linux-amd64/jdk8u112/7884/hotspot/src/share/vm/interpreter/interpreterRuntime.cpp, line 366]
Event: 11,842 Thread 0x00007f0cf0017000 Exception <a 'java/lang/ArrayIndexOutOfBoundsException': 141> (0x000000078029b058) thrown at [/HUDSON3/workspace/8-2-build-linux-amd64/jdk8u112/7884/hotspot/src/share/vm/interpreter/interpreterRuntime.cpp, line 366]
Event: 11,842 Thread 0x00007f0cf0017000 Exception <a 'java/lang/ArrayIndexOutOfBoundsException': 141> (0x000000078029dab0) thrown at [/HUDSON3/workspace/8-2-build-linux-amd64/jdk8u112/7884/hotspot/src/share/vm/interpreter/interpreterRuntime.cpp, line 366]
Event: 11,847 Thread 0x00007f0cf0017000 Exception <a 'java/lang/ClassNotFoundException': de/ids_mannheim/korap/interfaces/AuthenticationIfaceCustomizer> (0x00000007802fb7c8) thrown at [/HUDSON3/workspace/8-2-build-linux-amd64/jdk8u112/7884/hotspot/src/share/vm/classfile/systemDictionary.cpp, li
Event: 11,848 Thread 0x00007f0cf0017000 Exception <a 'java/lang/ArrayIndexOutOfBoundsException': 141> (0x00000007803135f0) thrown at [/HUDSON3/workspace/8-2-build-linux-amd64/jdk8u112/7884/hotspot/src/share/vm/interpreter/interpreterRuntime.cpp, line 366]
Event: 11,864 Thread 0x00007f0cf0017000 Exception <a 'java/lang/ClassNotFoundException': de/ids_mannheim/korap/interfaces/AuthenticationIfaceCustomizer> (0x00000007803783d0) thrown at [/HUDSON3/workspace/8-2-build-linux-amd64/jdk8u112/7884/hotspot/src/share/vm/classfile/systemDictionary.cpp, li

Events (10 events):
Event: 11,864 Thread 0x00007f0cf0017000 DEOPT UNPACKING pc=0x00007f0ce1047633 sp=0x00007f0cf985a2a0 mode 1
Event: 11,864 Thread 0x00007f0cf0017000 DEOPT PACKING pc=0x00007f0ce13166cc sp=0x00007f0cf985ad10
Event: 11,864 Thread 0x00007f0cf0017000 DEOPT UNPACKING pc=0x00007f0ce1047633 sp=0x00007f0cf985aa90 mode 1
Event: 11,864 Thread 0x00007f0cf0017000 DEOPT PACKING pc=0x00007f0ce1936ee4 sp=0x00007f0cf985adb0
Event: 11,864 Thread 0x00007f0cf0017000 DEOPT UNPACKING pc=0x00007f0ce1047633 sp=0x00007f0cf985abd8 mode 1
Event: 11,864 loading class de/ids_mannheim/korap/interfaces/AuthenticationIfaceCustomizer
Event: 11,864 loading class de/ids_mannheim/korap/interfaces/AuthenticationIfaceCustomizer done
Event: 11,864 Thread 0x00007f0cf0017000 DEOPT PACKING pc=0x00007f0ce1451e5c sp=0x00007f0cf985adf0
Event: 11,864 Thread 0x00007f0cf0017000 DEOPT UNPACKING pc=0x00007f0ce1047633 sp=0x00007f0cf985ab68 mode 1
Event: 11,868 Executing VM operation: ParallelGCFailedAllocation


Dynamic libraries:
00400000-00401000 r-xp 00000000 08:06 6952826                            /usr/local/java/jdk1.8.0_112/bin/java
00600000-00601000 rw-p 00000000 08:06 6952826                            /usr/local/java/jdk1.8.0_112/bin/java
01119000-0113a000 rw-p 00000000 00:00 0                                  [heap]
6c7400000-6cfd80000 rw-p 00000000 00:00 0 
6cfd80000-76d180000 ---p 00000000 00:00 0 
76d180000-782e80000 rw-p 00000000 00:00 0 
788580000-7c0000000 ---p 00000000 00:00 0 
7c0000000-7c0620000 rw-p 00000000 00:00 0 
7c0620000-800000000 ---p 00000000 00:00 0 
7f0c64000000-7f0c64021000 rw-p 00000000 00:00 0 
7f0c64021000-7f0c68000000 ---p 00000000 00:00 0 
7f0c6c000000-7f0c6d36b000 rw-p 00000000 00:00 0 
7f0c6d36b000-7f0c70000000 ---p 00000000 00:00 0 
7f0c7390a000-7f0c74000000 rw-p 00000000 00:00 0 
7f0c74000000-7f0c74021000 rw-p 00000000 00:00 0 
7f0c74021000-7f0c78000000 ---p 00000000 00:00 0 
7f0c78000000-7f0c78021000 rw-p 00000000 00:00 0 
7f0c78021000-7f0c7c000000 ---p 00000000 00:00 0 
7f0c7c000000-7f0c7c021000 rw-p 00000000 00:00 0 
7f0c7c021000-7f0c80000000 ---p 00000000 00:00 0 
7f0c80000000-7f0c80021000 rw-p 00000000 00:00 0 
7f0c80021000-7f0c84000000 ---p 00000000 00:00 0 
7f0c84000000-7f0c84021000 rw-p 00000000 00:00 0 
7f0c84021000-7f0c88000000 ---p 00000000 00:00 0 
7f0c88000000-7f0c88021000 rw-p 00000000 00:00 0 
7f0c88021000-7f0c8c000000 ---p 00000000 00:00 0 
7f0c8c000000-7f0c8c021000 rw-p 00000000 00:00 0 
7f0c8c021000-7f0c90000000 ---p 00000000 00:00 0 
7f0c90000000-7f0c90021000 rw-p 00000000 00:00 0 
7f0c90021000-7f0c94000000 ---p 00000000 00:00 0 
7f0c940fc000-7f0c940ff000 ---p 00000000 00:00 0 
7f0c940ff000-7f0c9427d000 rw-p 00000000 00:00 0 
7f0c9427d000-7f0c943fd000 ---p 00000000 00:00 0 
7f0c943fd000-7f0c945fd000 rw-p 00000000 00:00 0 
7f0c945fd000-7f0c947fd000 rw-p 00000000 00:00 0 
7f0c947fd000-7f0c949fd000 rw-p 00000000 00:00 0 
7f0c949fd000-7f0c94a00000 ---p 00000000 00:00 0 
7f0c94a00000-7f0c94afe000 rw-p 00000000 00:00 0 
7f0c94afe000-7f0c94b01000 ---p 00000000 00:00 0 
7f0c94b01000-7f0c94dff000 rw-p 00000000 00:00 0 
7f0c94dff000-7f0c94fff000 rw-p 00000000 00:00 0 
7f0c94fff000-7f0c98000000 rw-p 00000000 00:00 0 
7f0c98000000-7f0c996c5000 rw-p 00000000 00:00 0 
7f0c996c5000-7f0c9c000000 ---p 00000000 00:00 0 
7f0c9c000000-7f0c9c021000 rw-p 00000000 00:00 0 
7f0c9c021000-7f0ca0000000 ---p 00000000 00:00 0 
7f0ca0000000-7f0ca3e49000 rw-p 00000000 00:00 0 
7f0ca3e49000-7f0ca4000000 ---p 00000000 00:00 0 
7f0ca4000000-7f0ca7ffc000 rw-p 00000000 00:00 0 
7f0ca7ffc000-7f0ca8000000 ---p 00000000 00:00 0 
7f0ca8000000-7f0ca8021000 rw-p 00000000 00:00 0 
7f0ca8021000-7f0cac000000 ---p 00000000 00:00 0 
7f0cac000000-7f0cac021000 rw-p 00000000 00:00 0 
7f0cac021000-7f0cb0000000 ---p 00000000 00:00 0 
7f0cb0000000-7f0cb0021000 rw-p 00000000 00:00 0 
7f0cb0021000-7f0cb4000000 ---p 00000000 00:00 0 
7f0cb4000000-7f0cb4021000 rw-p 00000000 00:00 0 
7f0cb4021000-7f0cb8000000 ---p 00000000 00:00 0 
7f0cb8000000-7f0cb8021000 rw-p 00000000 00:00 0 
7f0cb8021000-7f0cbc000000 ---p 00000000 00:00 0 
7f0cbc000000-7f0cbc021000 rw-p 00000000 00:00 0 
7f0cbc021000-7f0cc0000000 ---p 00000000 00:00 0 
7f0cc0000000-7f0cc02f1000 rw-p 00000000 00:00 0 
7f0cc02f1000-7f0cc4000000 ---p 00000000 00:00 0 
7f0cc409f000-7f0cc40a2000 ---p 00000000 00:00 0 
7f0cc40a2000-7f0cc43a0000 rw-p 00000000 00:00 0 
7f0cc43a0000-7f0ccc000000 rw-p 00000000 00:00 0 
7f0ccc000000-7f0ccc021000 rw-p 00000000 00:00 0 
7f0ccc021000-7f0cd0000000 ---p 00000000 00:00 0 
7f0cd00d1000-7f0cd00d4000 ---p 00000000 00:00 0 
7f0cd00d4000-7f0cd03d2000 rw-p 00000000 00:00 0 
7f0cd03d2000-7f0cd04b7000 r-xp 00000000 08:06 8127346                    /tmp/sqlite-3.21.0-a3330d00-6c5e-45c0-9946-d79b9e83fefc-libsqlitejdbc.so
7f0cd04b7000-7f0cd06b6000 ---p 000e5000 08:06 8127346                    /tmp/sqlite-3.21.0-a3330d00-6c5e-45c0-9946-d79b9e83fefc-libsqlitejdbc.so
7f0cd06b6000-7f0cd06bb000 rw-p 000e4000 08:06 8127346                    /tmp/sqlite-3.21.0-a3330d00-6c5e-45c0-9946-d79b9e83fefc-libsqlitejdbc.so
7f0cd06bb000-7f0cd06bc000 rw-p 00000000 00:00 0 
7f0cd06bc000-7f0cd06bf000 ---p 00000000 00:00 0 
7f0cd06bf000-7f0cd09bd000 rw-p 00000000 00:00 0 
7f0cd09bd000-7f0cd0bbd000 rw-p 00000000 00:00 0 
7f0cd0bbd000-7f0cd0dbd000 rw-p 00000000 00:00 0 
7f0cd0e83000-7f0cd0e86000 ---p 00000000 00:00 0 
7f0cd0e86000-7f0cd1184000 rw-p 00000000 00:00 0 
7f0cd1184000-7f0cd1384000 rw-p 00000000 00:00 0 
7f0cd138d000-7f0cd1392000 r--s 00098000 08:06 7223515                    /usr/local/java/jdk1.8.0_112/jre/lib/jsse.jar
7f0cd1392000-7f0cd1592000 rw-p 00000000 00:00 0 
7f0cd1592000-7f0cd15a5000 r--s 00345000 08:06 7223540                    /usr/local/java/jdk1.8.0_112/jre/lib/resources.jar
7f0cd15a5000-7f0cd17a5000 rw-p 00000000 00:00 0 
7f0cd17a5000-7f0cd17af000 r--s 00116000 08:06 9177035                    /usr/local/java/jdk1.8.0_112/jre/lib/ext/localedata.jar
7f0cd17af000-7f0cd17cb000 r--s 00393000 08:06 9177038                    /usr/local/java/jdk1.8.0_112/jre/lib/ext/cldrdata.jar
7f0cd17cb000-7f0cd19cb000 rw-p 00000000 00:00 0 
7f0cd19cb000-7f0cd1bcb000 rw-p 00000000 00:00 0 
7f0cd1bcb000-7f0cd1bdc000 r-xp 00000000 08:06 9176986                    /usr/local/java/jdk1.8.0_112/jre/lib/amd64/libnio.so
7f0cd1bdc000-7f0cd1ddb000 ---p 00011000 08:06 9176986                    /usr/local/java/jdk1.8.0_112/jre/lib/amd64/libnio.so
7f0cd1ddb000-7f0cd1ddc000 rw-p 00010000 08:06 9176986                    /usr/local/java/jdk1.8.0_112/jre/lib/amd64/libnio.so
7f0cd1ddc000-7f0cd1fdc000 rw-p 00000000 00:00 0 
7f0cd1fdc000-7f0cd1ff7000 r--s 001d3000 08:06 9177034                    /usr/local/java/jdk1.8.0_112/jre/lib/ext/nashorn.jar
7f0cd1ff7000-7f0cd2000000 r-xp 00000000 08:06 9176997                    /usr/local/java/jdk1.8.0_112/jre/lib/amd64/libmanagement.so
7f0cd2000000-7f0cd21ff000 ---p 00009000 08:06 9176997                    /usr/local/java/jdk1.8.0_112/jre/lib/amd64/libmanagement.so
7f0cd21ff000-7f0cd2200000 rw-p 00008000 08:06 9176997                    /usr/local/java/jdk1.8.0_112/jre/lib/amd64/libmanagement.so
7f0cd2200000-7f0cd2203000 ---p 00000000 00:00 0 
7f0cd2203000-7f0cd2301000 rw-p 00000000 00:00 0 
7f0cd2301000-7f0cd2317000 r-xp 00000000 08:06 9176961                    /usr/local/java/jdk1.8.0_112/jre/lib/amd64/libnet.so
7f0cd2317000-7f0cd2517000 ---p 00016000 08:06 9176961                    /usr/local/java/jdk1.8.0_112/jre/lib/amd64/libnet.so
7f0cd2517000-7f0cd2518000 rw-p 00016000 08:06 9176961                    /usr/local/java/jdk1.8.0_112/jre/lib/amd64/libnet.so
7f0cd2518000-7f0cd2519000 r--s 0000f000 08:06 4719416                    /home/elma/.m2/repository/org/json/json/20131018/json-20131018.jar
7f0cd2519000-7f0cd251b000 r--s 0000b000 08:06 4719413                    /home/elma/.m2/repository/org/apache/oltu/oauth2/org.apache.oltu.oauth2.common/1.0.0/org.apache.oltu.oauth2.common-1.0.0.jar
7f0cd251b000-7f0cd251d000 r--s 00006000 08:06 4719411                    /home/elma/.m2/repository/org/apache/oltu/oauth2/org.apache.oltu.oauth2.authzserver/1.0.0/org.apache.oltu.oauth2.authzserver-1.0.0.jar
7f0cd251d000-7f0cd2526000 r--s 0004d000 08:06 4718941                    /home/elma/.m2/repository/org/flywaydb/flyway-core/4.0/flyway-core-4.0.jar
7f0cd2526000-7f0cd252a000 r--s 00016000 08:06 4718939                    /home/elma/.m2/repository/javax/servlet/javax.servlet-api/4.0.0/javax.servlet-api-4.0.0.jar
7f0cd252a000-7f0cd252c000 r--s 0000f000 08:06 4718935                    /home/elma/.m2/repository/javax/activation/activation/1.1.1/activation-1.1.1.jar
7f0cd252c000-7f0cd2535000 r--s 00097000 08:06 4718930                    /home/elma/.m2/repository/com/sun/mail/javax.mail/1.6.0/javax.mail-1.6.0.jar
7f0cd2535000-7f0cd253d000 r--s 0005f000 08:06 4718923                    /home/elma/.m2/repository/org/apache/velocity/velocity/1.6.2/velocity-1.6.2.jar
7f0cd253d000-7f0cd2540000 r--s 0001b000 08:06 4718913                    /home/elma/.m2/repository/org/apache/struts/struts-tiles/1.3.8/struts-tiles-1.3.8.jar
7f0cd2540000-7f0cd2545000 r--s 00039000 08:06 4718911                    /home/elma/.m2/repository/org/apache/struts/struts-taglib/1.3.8/struts-taglib-1.3.8.jar
7f0cd2545000-7f0cd254b000 r--s 0004b000 08:06 4459092                    /home/elma/.m2/repository/org/apache/struts/struts-core/1.3.8/struts-core-1.3.8.jar
7f0cd254b000-7f0cd254d000 r--s 00005000 08:06 4459073                    /home/elma/.m2/repository/sslext/sslext/1.2-0/sslext-1.2-0.jar
7f0cd254d000-7f0cd254f000 r--s 0000e000 08:06 4458968                    /home/elma/.m2/repository/oro/oro/2.0.8/oro-2.0.8.jar
7f0cd254f000-7f0cd2550000 r--s 0000c000 08:06 4458387                    /home/elma/.m2/repository/commons-logging/commons-logging/1.1/commons-logging-1.1.jar
7f0cd2550000-7f0cd2552000 r--s 00014000 08:06 4458235                    /home/elma/.m2/repository/commons-chain/commons-chain/1.1/commons-chain-1.1.jar
7f0cd2552000-7f0cd2556000 r--s 00020000 08:06 4458231                    /home/elma/.m2/repository/commons-digester/commons-digester/1.8/commons-digester-1.8.jar
7f0cd2556000-7f0cd255b000 r--s 0002a000 08:06 4458224                    /home/elma/.m2/repository/commons-beanutils/commons-beanutils/1.7.0/commons-beanutils-1.7.0.jar
7f0cd255b000-7f0cd2561000 r--s 0004f000 08:06 4458222                    /home/elma/.m2/repository/org/apache/velocity/velocity-tools/2.0/velocity-tools-2.0.jar
7f0cd2561000-7f0cd2563000 r--s 00009000 08:06 4458217                    /home/elma/.m2/repository/org/slf4j/slf4j-api/1.7.25/slf4j-api-1.7.25.jar
7f0cd2563000-7f0cd256b000 r--s 0006e000 08:06 4458215                    /home/elma/.m2/repository/org/apache/commons/commons-lang3/3.5/commons-lang3-3.5.jar
7f0cd256b000-7f0cd2574000 r--s 00061000 08:06 4458210                    /home/elma/.m2/repository/org/apache/velocity/velocity-engine-core/2.0/velocity-engine-core-2.0.jar
7f0cd2574000-7f0cd257f000 r--s 00053000 08:06 4458204                    /home/elma/.m2/repository/org/springframework/security/spring-security-web/4.2.3.RELEASE/spring-security-web-4.2.3.RELEASE.jar
7f0cd257f000-7f0cd2584000 r--s 0003c000 08:06 4458199                    /home/elma/.m2/repository/org/springframework/spring-expression/4.3.9.RELEASE/spring-expression-4.3.9.RELEASE.jar
7f0cd2584000-7f0cd2586000 r--s 00000000 08:06 4458183                    /home/elma/.m2/repository/aopalliance/aopalliance/1.0/aopalliance-1.0.jar
7f0cd2586000-7f0cd2592000 r--s 00056000 08:06 4458180                    /home/elma/.m2/repository/org/springframework/security/spring-security-core/4.2.3.RELEASE/spring-security-core-4.2.3.RELEASE.jar
7f0cd2592000-7f0cd2599000 r--s 00036000 08:06 4458176                    /home/elma/.m2/repository/org/springframework/spring-tx/5.0.3.RELEASE/spring-tx-5.0.3.RELEASE.jar
7f0cd2599000-7f0cd25a5000 r--s 00094000 08:06 4458170                    /home/elma/.m2/repository/org/springframework/spring-beans/5.0.3.RELEASE/spring-beans-5.0.3.RELEASE.jar
7f0cd25a5000-7f0cd25ae000 r--s 00057000 08:06 4458168                    /home/elma/.m2/repository/org/springframework/spring-jdbc/5.0.3.RELEASE/spring-jdbc-5.0.3.RELEASE.jar
7f0cd25ae000-7f0cd25b8000 r--s 00061000 08:06 4458162                    /home/elma/.m2/repository/com/sun/jersey/jersey-core/1.19.4/jersey-core-1.19.4.jar
7f0cd25b8000-7f0cd25b9000 r--s 00006000 08:06 4458159                    /home/elma/.m2/repository/org/codehaus/jackson/jackson-xc/1.9.2/jackson-xc-1.9.2.jar
7f0cd25b9000-7f0cd25ba000 r--s 00004000 08:06 4458157                    /home/elma/.m2/repository/org/codehaus/jackson/jackson-jaxrs/1.9.2/jackson-jaxrs-1.9.2.jar
7f0cd25ba000-7f0cd25c8000 r--s 000ad000 08:06 4458156                    /home/elma/.m2/repository/org/codehaus/jackson/jackson-mapper-asl/1.9.2/jackson-mapper-asl-1.9.2.jar
7f0cd25c8000-7f0cd25cc000 r--s 00034000 08:06 4458151                    /home/elma/.m2/repository/org/codehaus/jackson/jackson-core-asl/1.9.2/jackson-core-asl-1.9.2.jar
7f0cd25cc000-7f0cd25ce000 r--s 00004000 08:06 4458149                    /home/elma/.m2/repository/javax/xml/stream/stax-api/1.0-2/stax-api-1.0-2.jar
7f0cd25ce000-7f0cd25d1000 r--s 00017000 08:06 4458148                    /home/elma/.m2/repository/javax/xml/bind/jaxb-api/2.2.2/jaxb-api-2.2.2.jar
7f0cd25d1000-7f0cd25e4000 r--s 000c7000 08:06 4458146                    /home/elma/.m2/repository/com/sun/xml/bind/jaxb-impl/2.2.3-1/jaxb-impl-2.2.3-1.jar
7f0cd25e4000-7f0cd25e6000 r--s 0000f000 08:06 4458142                    /home/elma/.m2/repository/org/codehaus/jettison/jettison/1.1/jettison-1.1.jar
7f0cd25e6000-7f0cd25ea000 r--s 00025000 08:06 4458138                    /home/elma/.m2/repository/com/sun/jersey/jersey-json/1.19.4/jersey-json-1.19.4.jar
7f0cd25ea000-7f0cd25ec000 r--s 00003000 08:06 4458137                    /home/elma/.m2/repository/com/sun/jersey/jersey-grizzly/1.19.4/jersey-grizzly-1.19.4.jar
7f0cd25ec000-7f0cd25ee000 r--s 00018000 08:06 4458134                    /home/elma/.m2/repository/javax/servlet/servlet-api/2.5/servlet-api-2.5.jar
7f0cd25ee000-7f0cd25f1000 r--s 00010000 08:06 4458132                    /home/elma/.m2/repository/com/sun/grizzly/grizzly-http-servlet/1.9.45/grizzly-http-servlet-1.9.45.jar
7f0cd25f1000-7f0cd25f3000 r--s 0000c000 08:06 4458130                    /home/elma/.m2/repository/com/sun/grizzly/grizzly-lzma/1.9.45/grizzly-lzma-1.9.45.jar
7f0cd25f3000-7f0cd25fb000 r--s 00075000 08:06 4458129                    /home/elma/.m2/repository/com/sun/grizzly/grizzly-utils/1.9.45/grizzly-utils-1.9.45.jar
7f0cd25fb000-7f0cd25fc000 r--s 00004000 08:06 4458126                    /home/elma/.m2/repository/com/sun/grizzly/grizzly-portunif/1.9.45/grizzly-portunif-1.9.45.jar
7f0cd25fc000-7f0cd25fd000 r--s 00002000 08:06 4458123                    /home/elma/.m2/repository/com/sun/grizzly/grizzly-rcm/1.9.45/grizzly-rcm-1.9.45.jar
7f0cd25fd000-7f0cd2602000 r--s 00037000 08:06 4458121                    /home/elma/.m2/repository/com/sun/grizzly/grizzly-framework/1.9.45/grizzly-framework-1.9.45.jar
7f0cd2602000-7f0cd2605000 r--s 0002b000 08:06 4458119                    /home/elma/.m2/repository/com/sun/grizzly/grizzly-http/1.9.45/grizzly-http-1.9.45.jar
7f0cd2605000-7f0cd2618000 r--s 0010a000 08:06 4458117                    /home/elma/.m2/repository/com/sun/grizzly/grizzly-servlet-webserver/1.9.45/grizzly-servlet-webserver-1.9.45.jar
7f0cd2618000-7f0cd261a000 r--s 00002000 08:06 4458115                    /home/elma/.m2/repository/com/sun/jersey/jersey-test-framework/jersey-test-framework-grizzly/1.19.4/jersey-test-framework-grizzly-1.19.4.jar
7f0cd261a000-7f0cd261d000 r--s 0001e000 08:06 4458114                    /home/elma/.m2/repository/com/sun/jersey/jersey-client/1.19.4/jersey-client-1.19.4.jar
7f0cd261d000-7f0cd2621000 r--s 0001c000 08:06 4458109                    /home/elma/.m2/repository/com/sun/jersey/jersey-servlet/1.19.4/jersey-servlet-1.19.4.jar
7f0cd2621000-7f0cd2623000 r--s 00006000 08:06 4458104                    /home/elma/.m2/repository/com/sun/jersey/jersey-test-framework/jersey-test-framework-core/1.19.4/jersey-test-framework-core-1.19.4.jar
7f0cd2623000-7f0cd263a000 r--s 001d2000 08:06 4458102                    /home/elma/.m2/repository/mysql/mysql-connector-java/6.0.6/mysql-connector-java-6.0.6.jar
7f0cd263a000-7f0cd2644000 r--s 000ab000 08:06 4458100                    /home/elma/.m2/repository/org/javassist/javassist/3.22.0-GA/javassist-3.22.0-GA.jar
7f0cd2644000-7f0cd2646000 r--s 00006000 08:06 4458098                    /home/elma/.m2/repository/org/hibernate/hibernate-java8/5.1.11.Final/hibernate-java8-5.1.11.Final.jar
7f0cd2646000-7f0cd264a000 r--s 00028000 08:06 4458095                    /home/elma/.m2/repository/org/hibernate/hibernate-jpamodelgen/5.1.11.Final/hibernate-jpamodelgen-5.1.11.Final.jar
7f0cd264a000-7f0cd264b000 r--s 00003000 08:06 4458093                    /home/elma/.m2/repository/org/apache/geronimo/specs/geronimo-jta_1.1_spec/1.1.1/geronimo-jta_1.1_spec-1.1.1.jar
7f0cd264b000-7f0cd2650000 r--s 00017000 08:06 4458092                    /home/elma/.m2/repository/org/hibernate/javax/persistence/hibernate-jpa-2.1-api/1.0.0.Final/hibernate-jpa-2.1-api-1.0.0.Final.jar
7f0cd2650000-7f0cd2653000 r--s 00010000 08:06 4458088                    /home/elma/.m2/repository/org/hibernate/common/hibernate-commons-annotations/5.0.1.Final/hibernate-commons-annotations-5.0.1.Final.jar
7f0cd2653000-7f0cd2658000 r--s 00016000 08:06 4458087                    /home/elma/.m2/repository/xml-apis/xml-apis/1.0.b2/xml-apis-1.0.b2.jar
7f0cd2658000-7f0cd265d000 r--s 00048000 08:06 4458084                    /home/elma/.m2/repository/dom4j/dom4j/1.6.1/dom4j-1.6.1.jar
7f0cd265d000-7f0cd265f000 r--s 0000e000 08:06 4458083                    /home/elma/.m2/repository/com/fasterxml/classmate/1.3.0/classmate-1.3.0.jar
7f0cd265f000-7f0cd2662000 r--s 0002b000 08:06 4458077                    /home/elma/.m2/repository/org/jboss/jandex/2.0.3.Final/jandex-2.0.3.Final.jar
7f0cd2662000-7f0cd2667000 r--s 00068000 08:06 4458075                    /home/elma/.m2/repository/antlr/antlr/2.7.7/antlr-2.7.7.jar
7f0cd2667000-7f0cd26d3000 r--s 0050e000 08:06 4458064                    /home/elma/.m2/repository/org/hibernate/hibernate-core/5.1.11.Final/hibernate-core-5.1.11.Final.jar
7f0cd26d3000-7f0cd26d5000 r--s 0000f000 08:06 4458071                    /home/elma/.m2/repository/org/jboss/logging/jboss-logging/3.3.0.Final/jboss-logging-3.3.0.Final.jar
7f0cd26d5000-7f0cd26e1000 r--s 00083000 08:06 4458066                    /home/elma/.m2/repository/org/hibernate/hibernate-entitymanager/5.1.11.Final/hibernate-entitymanager-5.1.11.Final.jar
7f0cd26e1000-7f0cd26f3000 r--s 001d5000 08:06 4458069                    /home/elma/.m2/repository/com/unboundid/unboundid-ldapsdk/3.2.1/unboundid-ldapsdk-3.2.1.jar
7f0cd26f3000-7f0cd26fc000 r--s 0005e000 08:06 4458062                    /home/elma/.m2/repository/com/novell/ldap/jldap/4.3/jldap-4.3.jar
7f0cd26fc000-7f0cd27d3000 r--s 007aa000 08:06 5117944                    /home/elma/.m2/repository/net/sf/ehcache/ehcache/2.10.1/ehcache-2.10.1.jar
7f0cd27d3000-7f0cd27d6000 r--s 00020000 08:06 5117943                    /home/elma/.m2/repository/org/hibernate/hibernate-ehcache/5.1.11.Final/hibernate-ehcache-5.1.11.Final.jar
7f0cd27d6000-7f0cd27da000 r--s 00031000 08:06 5117940                    /home/elma/.m2/repository/commons-io/commons-io/2.6/commons-io-2.6.jar
7f0cd27da000-7f0cd27e1000 r--s 00049000 08:06 5117938                    /home/elma/.m2/repository/org/apache/httpcomponents/httpcore/4.4.7/httpcore-4.4.7.jar
7f0cd27e1000-7f0cd27ee000 r--s 000b2000 08:06 4719602                    /home/elma/.m2/repository/org/apache/httpcomponents/httpclient/4.5.4/httpclient-4.5.4.jar
7f0cd27ee000-7f0cd27ef000 r--s 0000a000 08:06 4719598                    /home/elma/.m2/repository/asm/asm/3.3.1/asm-3.3.1.jar
7f0cd27ef000-7f0cd27f0000 r--s 0000c000 08:06 4719596                    /home/elma/.m2/repository/org/eclipse/jetty/jetty-xml/9.4.8.v20171121/jetty-xml-9.4.8.v20171121.jar
7f0cd27f0000-7f0cd27f3000 r--s 0001d000 08:06 4719595                    /home/elma/.m2/repository/org/eclipse/jetty/jetty-webapp/9.4.8.v20171121/jetty-webapp-9.4.8.v20171121.jar
7f0cd27f3000-7f0cd27f5000 r--s 00015000 08:06 4719594                    /home/elma/.m2/repository/org/eclipse/jetty/jetty-security/9.4.8.v20171121/jetty-security-9.4.8.v20171121.jar
7f0cd27f5000-7f0cd27f7000 r--s 00019000 08:06 4719427                    /home/elma/.m2/repository/org/eclipse/jetty/jetty-servlet/9.4.8.v20171121/jetty-servlet-9.4.8.v20171121.jar
7f0cd27f7000-7f0cd27fa000 r--s 0001d000 08:06 4719425                    /home/elma/.m2/repository/org/eclipse/jetty/jetty-io/9.4.8.v20171121/jetty-io-9.4.8.v20171121.jar
7f0cd27fa000-7f0cd2802000 r--s 0006e000 08:06 4719423                    /home/elma/.m2/repository/org/eclipse/jetty/jetty-util/9.4.8.v20171121/jetty-util-9.4.8.v20171121.jar
7f0cd2802000-7f0cd2805000 r--s 00026000 08:06 4719422                    /home/elma/.m2/repository/org/eclipse/jetty/jetty-http/9.4.8.v20171121/jetty-http-9.4.8.v20171121.jar
7f0cd2805000-7f0cd280d000 r--s 00087000 08:06 4719419                    /home/elma/.m2/repository/org/eclipse/jetty/jetty-server/9.4.8.v20171121/jetty-server-9.4.8.v20171121.jar
7f0cd280d000-7f0cd281a000 r--s 00083000 08:06 4719417                    /home/elma/.m2/repository/commons-collections/commons-collections/3.2.2/commons-collections-3.2.2.jar
7f0cd281a000-7f0cd2833000 r--s 001bf000 08:06 4719409                    /home/elma/.m2/repository/org/aspectj/aspectjweaver/1.8.13/aspectjweaver-1.8.13.jar
7f0cd2833000-7f0cd2836000 r--s 00008000 08:06 4719408                    /home/elma/.m2/repository/org/springframework/spring-aspects/5.0.3.RELEASE/spring-aspects-5.0.3.RELEASE.jar
7f0cd2836000-7f0cd2840000 r--s 0004f000 08:06 4719406                    /home/elma/.m2/repository/org/springframework/spring-aop/5.0.3.RELEASE/spring-aop-5.0.3.RELEASE.jar
7f0cd2840000-7f0cd284e000 r--s 00083000 08:06 4719392                    /home/elma/.m2/repository/org/springframework/spring-test/5.0.3.RELEASE/spring-test-5.0.3.RELEASE.jar
7f0cd284e000-7f0cd2852000 r--s 00026000 08:06 4719401                    /home/elma/.m2/repository/org/springframework/spring-context-support/5.0.3.RELEASE/spring-context-support-5.0.3.RELEASE.jar
7f0cd2852000-7f0cd286c000 r--s 000ed000 08:06 4719397                    /home/elma/.m2/repository/org/springframework/spring-context/5.0.3.RELEASE/spring-context-5.0.3.RELEASE.jar
7f0cd286c000-7f0cd2870000 r--s 0002a000 08:06 4719395                    /home/elma/.m2/repository/org/springframework/spring-orm/5.0.3.RELEASE/spring-orm-5.0.3.RELEASE.jar
7f0cd2870000-7f0cd2871000 r--s 0000c000 08:06 4719393                    /home/elma/.m2/repository/org/springframework/spring-asm/3.1.4.RELEASE/spring-asm-3.1.4.RELEASE.jar
7f0cd2871000-7f0cd288b000 r--s 00116000 08:06 4719391                    /home/elma/.m2/repository/org/springframework/spring-web/5.0.3.RELEASE/spring-web-5.0.3.RELEASE.jar
7f0cd288b000-7f0cd288c000 r--s 00003000 08:06 4458175                    /home/elma/.m2/repository/org/springframework/spring-jcl/5.0.3.RELEASE/spring-jcl-5.0.3.RELEASE.jar
7f0cd288c000-7f0cd28a4000 r--s 00111000 08:06 4458173                    /home/elma/.m2/repository/org/springframework/spring-core/5.0.3.RELEASE/spring-core-5.0.3.RELEASE.jar
7f0cd28a4000-7f0cd28a8000 r--s 0000f000 08:06 4719385                    /home/elma/.m2/repository/com/google/code/findbugs/annotations/2.0.1/annotations-2.0.1.jar
7f0cd28a8000-7f0cd28ab000 r--s 0001d000 08:06 4719388                    /home/elma/.m2/repository/org/reflections/reflections/0.9.10/reflections-0.9.10.jar
7f0cd28ab000-7f0cd28ac000 r--s 0000c000 08:06 5247086                    /home/elma/.m2/repository/commons-cli/commons-cli/1.3.1/commons-cli-1.3.1.jar
7f0cd28ac000-7f0cd28ae000 r--s 00007000 08:06 5247058                    /home/elma/.m2/repository/com/fasterxml/jackson/module/jackson-module-jaxb-annotations/2.9.1/jackson-module-jaxb-annotations-2.9.1.jar
7f0cd28ae000-7f0cd28af000 r--s 00007000 08:06 5247050                    /home/elma/.m2/repository/com/fasterxml/jackson/jaxrs/jackson-jaxrs-base/2.9.1/jackson-jaxrs-base-2.9.1.jar
7f0cd28af000-7f0cd28b0000 r--s 00003000 08:06 5247049                    /home/elma/.m2/repository/com/fasterxml/jackson/jaxrs/jackson-jaxrs-json-provider/2.9.1/jackson-jaxrs-json-provider-2.9.1.jar
7f0cd28b0000-7f0cd28b4000 r--s 00019000 08:06 5247036                    /home/elma/.m2/repository/javax/ws/rs/javax.ws.rs-api/2.0.1/javax.ws.rs-api-2.0.1.jar
7f0cd28b4000-7f0cd28b8000 r--s 0000c000 08:06 5247021                    /home/elma/.m2/repository/javax/validation/validation-api/1.1.0.Final/validation-api-1.1.0.Final.jar
7f0cd28b8000-7f0cd28bc000 r--s 00022000 08:06 5246359                    /home/elma/.m2/repository/org/glassfish/jersey/core/jersey-client/2.15/jersey-client-2.15.jar
7f0cd28bc000-7f0cd28d1000 r--s 000ce000 08:06 5246346                    /home/elma/.m2/repository/org/glassfish/jersey/core/jersey-server/2.15/jersey-server-2.15.jar
7f0cd28d1000-7f0cd28d2000 r--s 00004000 08:06 5246343                    /home/elma/.m2/repository/org/glassfish/hk2/osgi-resource-locator/1.0.1/osgi-resource-locator-1.0.1.jar
7f0cd28d2000-7f0cd28d5000 r--s 00027000 08:06 5245839                    /home/elma/.m2/repository/org/glassfish/hk2/hk2-locator/2.4.0-b06/hk2-locator-2.4.0-b06.jar
7f0cd28d5000-7f0cd28d7000 r--s 00002000 08:06 5245836                    /home/elma/.m2/repository/org/glassfish/hk2/external/aopalliance-repackaged/2.4.0-b06/aopalliance-repackaged-2.4.0-b06.jar
7f0cd28d7000-7f0cd28da000 r--s 00013000 08:06 5245830                    /home/elma/.m2/repository/org/glassfish/hk2/hk2-utils/2.4.0-b06/hk2-utils-2.4.0-b06.jar
7f0cd28da000-7f0cd28df000 r--s 00026000 08:06 5245817                    /home/elma/.m2/repository/org/glassfish/hk2/hk2-api/2.4.0-b06/hk2-api-2.4.0-b06.jar
7f0cd28df000-7f0cd28f6000 r--s 000d4000 08:06 5245804                    /home/elma/.m2/repository/org/glassfish/jersey/bundles/repackaged/jersey-guava/2.15/jersey-guava-2.15.jar
7f0cd28f6000-7f0cd28f8000 r--s 00005000 08:06 5245802                    /home/elma/.m2/repository/javax/annotation/javax.annotation-api/1.2/javax.annotation-api-1.2.jar
7f0cd28f8000-7f0cd2907000 r--s 000a3000 08:06 5245795                    /home/elma/.m2/repository/org/glassfish/jersey/core/jersey-common/2.15/jersey-common-2.15.jar
7f0cd2907000-7f0cd2918000 r--s 000c6000 08:06 5245776                    /home/elma/.m2/repository/org/glassfish/grizzly/grizzly-framework/2.3.16/grizzly-framework-2.3.16.jar
7f0cd2918000-7f0cd291d000 r--s 0004c000 08:06 5245775                    /home/elma/.m2/repository/org/glassfish/grizzly/grizzly-http/2.3.16/grizzly-http-2.3.16.jar
7f0cd291d000-7f0cd2923000 r--s 0003f000 08:06 5245758                    /home/elma/.m2/repository/org/glassfish/grizzly/grizzly-http-server/2.3.16/grizzly-http-server-2.3.16.jar
7f0cd2923000-7f0cd2924000 r--s 00001000 08:06 5245754                    /home/elma/.m2/repository/org/glassfish/hk2/external/javax.inject/2.4.0-b06/javax.inject-2.4.0-b06.jar
7f0cd2924000-7f0cd2926000 r--s 00005000 08:06 5118143                    /home/elma/.m2/repository/org/glassfish/jersey/containers/jersey-container-grizzly2-http/2.15/jersey-container-grizzly2-http-2.15.jar
7f0cd2926000-7f0cd2928000 r--s 00001000 08:06 5118141                    /home/elma/.m2/repository/net/sf/jsr107cache/jsr107cache/1.0/jsr107cache-1.0.jar
7f0cd2928000-7f0cd2938000 r--s 00167000 08:06 5118139                    /home/elma/.m2/repository/org/apache/lucene/lucene-analyzers-common/5.0.0/lucene-analyzers-common-5.0.0.jar
7f0cd2938000-7f0cd293b000 r--s 00019000 08:06 5118138                    /home/elma/.m2/repository/org/apache/lucene/lucene-sandbox/5.0.0/lucene-sandbox-5.0.0.jar
7f0cd293b000-7f0cd2941000 r--s 0002c000 08:06 5118135                    /home/elma/.m2/repository/org/apache/lucene/lucene-queries/5.0.0/lucene-queries-5.0.0.jar
7f0cd2941000-7f0cd294a000 r--s 00057000 08:06 5118133                    /home/elma/.m2/repository/org/apache/lucene/lucene-queryparser/5.0.0/lucene-queryparser-5.0.0.jar
7f0cd294a000-7f0cd296e000 r--s 001fd000 08:06 5118131                    /home/elma/.m2/repository/org/apache/lucene/lucene-core/5.0.0/lucene-core-5.0.0.jar
7f0cd296e000-7f0cd2979000 r--s 0008b000 08:06 5118130                    /home/elma/.m2/repository/c3p0/c3p0/0.9.1.2/c3p0-0.9.1.2.jar
7f0cd2979000-7f0cd297b000 r--s 00000000 08:06 5118126                    /home/elma/.m2/repository/org/slf4j/jul-to-slf4j/1.7.25/jul-to-slf4j-1.7.25.jar
7f0cd297b000-7f0cd297c000 r--s 00005000 08:06 5118119                    /home/elma/.m2/repository/org/apache/logging/log4j/log4j-slf4j-impl/2.10.0/log4j-slf4j-impl-2.10.0.jar
7f0cd297c000-7f0cd299d000 r--s 00166000 08:06 5118117                    /home/elma/.m2/repository/org/apache/logging/log4j/log4j-core/2.10.0/log4j-core-2.10.0.jar
7f0cd299d000-7f0cd29a3000 r--s 00039000 08:06 5118115                    /home/elma/.m2/repository/org/apache/logging/log4j/log4j-api/2.10.0/log4j-api-2.10.0.jar
7f0cd29a3000-7f0cd29a5000 r--s 0000b000 08:06 4719383                    /home/elma/.m2/repository/net/minidev/json-smart/1.1.1/json-smart-1.1.1.jar
7f0cd29a5000-7f0cd29a6000 r--s 00000000 08:06 4719381                    /home/elma/.m2/repository/net/jcip/jcip-annotations/1.0/jcip-annotations-1.0.jar
7f0cd29a6000-7f0cd29ad000 r--s 00039000 08:06 4719379                    /home/elma/.m2/repository/commons-codec/commons-codec/1.7/commons-codec-1.7.jar
7f0cd29ad000-7f0cd29d5000 r--s 001a3000 08:06 4719378                    /home/elma/.m2/repository/org/bouncycastle/bcprov-jdk16/1.46/bcprov-jdk16-1.46.jar
7f0cd29d5000-7f0cd29d8000 r--s 00012000 08:06 4719375                    /home/elma/.m2/repository/com/nimbusds/nimbus-jose-jwt/2.10.1/nimbus-jose-jwt-2.10.1.jar
7f0cd29d8000-7f0cd29d9000 r--s 00004000 08:06 4719374                    /home/elma/.m2/repository/org/mindrot/jbcrypt/0.4/jbcrypt-0.4.jar
7f0cd29d9000-7f0cd29dd000 r--s 0002a000 08:06 4719364                    /home/elma/.m2/repository/commons-validator/commons-validator/1.6/commons-validator-1.6.jar
7f0cd29dd000-7f0cd29e0000 r--s 0001d000 08:06 4719362                    /home/elma/.m2/repository/org/apache/commons/commons-pool2/2.5.0/commons-pool2-2.5.0.jar
7f0cd29e0000-7f0cd29e3000 r--s 0002b000 08:06 4719360                    /home/elma/.m2/repository/org/apache/commons/commons-dbcp2/2.2.0/commons-dbcp2-2.2.0.jar
7f0cd29e3000-7f0cd29e8000 r--s 00659000 08:06 4719358                    /home/elma/.m2/repository/org/xerial/sqlite-jdbc/3.21.0/sqlite-jdbc-3.21.0.jar
7f0cd29e8000-7f0cd29ec000 r--s 00024000 08:06 5508303                    /home/elma/.m2/repository/org/codehaus/woodstox/stax2-api/3.1.4/stax2-api-3.1.4.jar
7f0cd29ec000-7f0cd29f1000 r--s 00073000 08:06 5508301                    /home/elma/.m2/repository/org/codehaus/woodstox/woodstox-core-lgpl/4.4.1/woodstox-core-lgpl-4.4.1.jar
7f0cd29f1000-7f0cd29f3000 r--s 0000f000 08:06 5508271                    /home/elma/.m2/repository/eu/clarin/sru/fcs/fcs-ql/0.1/fcs-ql-0.1.jar
7f0cd29f3000-7f0cd29f5000 r--s 00017000 08:06 5508269                    /home/elma/.m2/repository/eu/clarin/sru/sru-server/1.8.0/sru-server-1.8.0.jar
7f0cd29f5000-7f0cd29f9000 r--s 0001e000 08:06 5508258                    /home/elma/.m2/repository/eu/clarin/sru/fcs/fcs-simple-endpoint/1.3.0/fcs-simple-endpoint-1.3.0.jar
7f0cd29f9000-7f0cd2a01000 r--s 00066000 08:06 4719619                    /home/elma/.m2/repository/log4j/apache-log4j-extras/1.2.17/apache-log4j-extras-1.2.17.jar
7f0cd2a01000-7f0cd2a03000 r--s 00008000 08:06 5508241                    /home/elma/.m2/repository/org/z3950/zing/cql-java/1.12/cql-java-1.12.jar
7f0cd2a03000-7f0cd2a08000 r--s 00041000 08:06 5118220                    /home/elma/.m2/repository/commons-lang/commons-lang/2.6/commons-lang-2.6.jar
7f0cd2a08000-7f0cd2a1a000 r--s 00133000 08:06 5247059                    /home/elma/.m2/repository/com/fasterxml/jackson/core/jackson-databind/2.9.1/jackson-databind-2.9.1.jar
7f0cd2a1a000-7f0cd2a1d000 r--s 0000e000 08:06 5247064                    /home/elma/.m2/repository/com/fasterxml/jackson/core/jackson-annotations/2.9.1/jackson-annotations-2.9.1.jar
7f0cd2a1d000-7f0cd2a21000 r--s 0004b000 08:06 5247065                    /home/elma/.m2/repository/com/fasterxml/jackson/core/jackson-core/2.9.1/jackson-core-2.9.1.jar
7f0cd2a21000-7f0cd2a4b000 r--s 001e9000 08:06 4719389                    /home/elma/.m2/repository/com/google/guava/guava/15.0/guava-15.0.jar
7f0cd2a4b000-7f0cd2a4e000 r--s 00022000 08:06 5508294                    /home/elma/.m2/repository/org/antlr/stringtemplate/3.2.1/stringtemplate-3.2.1.jar
7f0cd2a4e000-7f0cd2a51000 r--s 00026000 08:06 5508279                    /home/elma/.m2/repository/org/antlr/antlr-runtime/3.5/antlr-runtime-3.5.jar
7f0cd2a51000-7f0cd2a55000 r--s 00036000 08:06 5508277                    /home/elma/.m2/repository/org/antlr/ST4/4.0.7/ST4-4.0.7.jar
7f0cd2a55000-7f0cd2a56000 r--s 00002000 08:06 5508275                    /home/elma/.m2/repository/org/antlr/antlr4-annotations/4.2/antlr4-annotations-4.2.jar
7f0cd2a56000-7f0cd2a60000 r--s 0008c000 08:06 5508273                    /home/elma/.m2/repository/org/antlr/antlr4/4.2/antlr4-4.2.jar
7f0cd2a60000-7f0cd2a62000 r--s 00001000 08:06 5382084                    /home/elma/.m2/repository/org/sonatype/plexus/plexus-build-api/0.0.7/plexus-build-api-0.0.7.jar
7f0cd2a62000-7f0cd2a64000 r--s 00005000 08:06 5382060                    /home/elma/.m2/repository/org/codehaus/plexus/plexus-compiler-api/2.2/plexus-compiler-api-2.2.jar
7f0cd2a64000-7f0cd2a66000 r--s 00008000 08:06 5245505                    /home/elma/.m2/repository/classworlds/classworlds/1.1-alpha-2/classworlds-1.1-alpha-2.jar
7f0cd2a66000-7f0cd2a6d000 r--s 00029000 08:06 5245472                    /home/elma/.m2/repository/org/codehaus/plexus/plexus-container-default/1.0-alpha-9-stable-1/plexus-container-default-1.0-alpha-9-stable-1.jar
7f0cd2a6d000-7f0cd2a71000 r--s 00034000 08:06 5247246                    /home/elma/.m2/repository/org/codehaus/plexus/plexus-utils/1.5.15/plexus-utils-1.5.15.jar
7f0cd2a71000-7f0cd2a73000 r--s 0000b000 08:06 5382080                    /home/elma/.m2/repository/org/codehaus/plexus/plexus-interpolation/1.11/plexus-interpolation-1.11.jar
7f0cd2a73000-7f0cd2a75000 r--s 00006000 08:06 5382078                    /home/elma/.m2/repository/org/apache/maven/maven-plugin-registry/2.2.1/maven-plugin-registry-2.2.1.jar
7f0cd2a75000-7f0cd2a7d000 r--s 00049000 08:06 5382077                    /home/elma/.m2/repository/backport-util-concurrent/backport-util-concurrent/3.1/backport-util-concurrent-3.1.jar
7f0cd2a7d000-7f0cd2a7f000 r--s 0000b000 08:06 5382076                    /home/elma/.m2/repository/org/apache/maven/wagon/wagon-provider-api/1.0-beta-6/wagon-provider-api-1.0-beta-6.jar
7f0cd2a7f000-7f0cd2a81000 r--s 00005000 08:06 5382061                    /home/elma/.m2/repository/org/apache/maven/maven-repository-metadata/2.2.1/maven-repository-metadata-2.2.1.jar
7f0cd2a81000-7f0cd2a83000 r--s 0000f000 08:06 5382059                    /home/elma/.m2/repository/org/apache/maven/maven-artifact-manager/2.2.1/maven-artifact-manager-2.2.1.jar
7f0cd2a83000-7f0cd2a85000 r--s 00007000 08:06 5382049                    /home/elma/.m2/repository/org/apache/maven/maven-profile/2.2.1/maven-profile-2.2.1.jar
7f0cd2a85000-7f0cd2a86000 r--s 0000b000 08:06 5247261                    /home/elma/.m2/repository/org/apache/maven/maven-settings/2.2.1/maven-settings-2.2.1.jar
7f0cd2a86000-7f0cd2a8a000 r--s 00023000 08:06 5247259                    /home/elma/.m2/repository/org/apache/maven/maven-project/2.2.1/maven-project-2.2.1.jar
7f0cd2a8a000-7f0cd2a8c000 r--s 00003000 08:06 5770228                    /home/elma/.m2/repository/org/sonatype/sisu/inject/guice-plexus-lifecycles/2.3.0/guice-plexus-lifecycles-2.3.0.jar
7f0cd2a8c000-7f0cd2a8e000 r--s 00003000 08:06 5770225                    /home/elma/.m2/repository/org/sonatype/sisu/inject/guice-plexus-scanners/2.3.0/guice-plexus-scanners-2.3.0.jar
7f0cd2a8e000-7f0cd2a90000 r--s 00005000 08:06 5770222                    /home/elma/.m2/repository/org/sonatype/sisu/inject/guice-plexus-binders/2.3.0/guice-plexus-binders-2.3.0.jar
7f0cd2a90000-7f0cd2a92000 r--s 00002000 08:06 5770220                    /home/elma/.m2/repository/org/sonatype/sisu/inject/guice-plexus-locators/2.3.0/guice-plexus-locators-2.3.0.jar
7f0cd2a92000-7f0cd2a94000 r--s 00001000 08:06 5770218                    /home/elma/.m2/repository/org/sonatype/sisu/inject/guice-plexus-converters/2.3.0/guice-plexus-converters-2.3.0.jar
7f0cd2a94000-7f0cd2a96000 r--s 00002000 08:06 5770216                    /home/elma/.m2/repository/org/sonatype/sisu/inject/guice-plexus-metadata/2.3.0/guice-plexus-metadata-2.3.0.jar
7f0cd2a96000-7f0cd2a98000 r--s 00000000 08:06 5770214                    /home/elma/.m2/repository/org/sonatype/sisu/inject/guice-bean-converters/2.3.0/guice-bean-converters-2.3.0.jar
7f0cd2a98000-7f0cd2a9a000 r--s 00013000 08:06 5770212                    /home/elma/.m2/repository/org/sonatype/sisu/inject/guice-bean-scanners/2.3.0/guice-bean-scanners-2.3.0.jar
7f0cd2a9a000-7f0cd2a9b000 r--s 00001000 08:06 5380525                    /home/elma/.m2/repository/javax/annotation/jsr250-api/1.0/jsr250-api-1.0.jar
7f0cd2a9b000-7f0cd2a9e000 r--s 00008000 08:06 5380199                    /home/elma/.m2/repository/javax/enterprise/cdi-api/1.0/cdi-api-1.0.jar
7f0cd2a9e000-7f0cd2aa0000 r--s 00009000 08:06 5770210                    /home/elma/.m2/repository/org/sonatype/sisu/inject/guice-bean-binders/2.3.0/guice-bean-binders-2.3.0.jar
7f0cd2aa0000-7f0cd2aa3000 r--s 0000b000 08:06 5770208                    /home/elma/.m2/repository/org/sonatype/sisu/inject/guice-bean-locators/2.3.0/guice-bean-locators-2.3.0.jar
7f0cd2aa3000-7f0cd2aa5000 r--s 0000e000 08:06 5770204                    /home/elma/.m2/repository/org/sonatype/sisu/inject/guice-bean-reflect/2.3.0/guice-bean-reflect-2.3.0.jar
7f0cd2aa5000-7f0cd2ab1000 r--s 00083000 08:06 5247279                    /home/elma/.m2/repository/org/sonatype/sisu/sisu-guice/3.1.0/sisu-guice-3.1.0.jar
7f0cd2ab1000-7f0cd2ab2000 r--s 00000000 08:06 5247277                    /home/elma/.m2/repository/javax/inject/javax.inject/1/javax.inject-1.jar
7f0cd2ab2000-7f0cd2ab7000 r--s 00019000 08:06 5770198                    /home/elma/.m2/repository/org/sonatype/sisu/inject/guice-plexus-shim/2.3.0/guice-plexus-shim-2.3.0.jar
7f0cd2ab7000-7f0cd2ab9000 r--s 00004000 08:06 5770188                    /home/elma/.m2/repository/org/sonatype/sisu/inject/guice-bean-containers/2.3.0/guice-bean-containers-2.3.0.jar
7f0cd2ab9000-7f0cd2ad8000 r--s 00152000 08:06 5247258                    /home/elma/.m2/repository/org/sonatype/sisu/sisu-guava/0.9.9/sisu-guava-0.9.9.jar
7f0cd2ad8000-7f0cd2ae0000 r--s 00050000 08:06 5247257                    /home/elma/.m2/repository/org/sonatype/sisu/sisu-guice/3.1.0/sisu-guice-3.1.0-no_aop.jar
7f0cd2ae0000-7f0cd2ae7000 r--s 00040000 08:06 5247256                    /home/elma/.m2/repository/org/sonatype/sisu/sisu-inject-bean/2.3.0/sisu-inject-bean-2.3.0.jar
7f0cd2ae7000-7f0cd2ae9000 r--s 0000a000 08:06 5247251                    /home/elma/.m2/repository/org/codehaus/plexus/plexus-classworlds/2.4/plexus-classworlds-2.4.jar
7f0cd2ae9000-7f0cd2aea000 ---p 00000000 00:00 0 
7f0cd2aea000-7f0cd2bea000 rw-p 00000000 00:00 0 
7f0cd2bea000-7f0cd2bed000 ---p 00000000 00:00 0 
7f0cd2bed000-7f0cd2ceb000 rw-p 00000000 00:00 0 
7f0cd2ceb000-7f0cd2cee000 ---p 00000000 00:00 0 
7f0cd2cee000-7f0cd2dec000 rw-p 00000000 00:00 0 
7f0cd2dec000-7f0cd2def000 ---p 00000000 00:00 0 
7f0cd2def000-7f0cd2eed000 rw-p 00000000 00:00 0 
7f0cd2eed000-7f0cd2ef0000 ---p 00000000 00:00 0 
7f0cd2ef0000-7f0cd2fee000 rw-p 00000000 00:00 0 
7f0cd2fee000-7f0cd2ff1000 ---p 00000000 00:00 0 
7f0cd2ff1000-7f0cd30ef000 rw-p 00000000 00:00 0 
7f0cd30ef000-7f0cd30f2000 ---p 00000000 00:00 0 
7f0cd30f2000-7f0cd31f0000 rw-p 00000000 00:00 0 
7f0cd31f0000-7f0cd31f3000 ---p 00000000 00:00 0 
7f0cd31f3000-7f0cd32f1000 rw-p 00000000 00:00 0 
7f0cd32f1000-7f0cd32f5000 r-xp 00000000 08:06 9177002                    /usr/local/java/jdk1.8.0_112/jre/lib/amd64/libdt_socket.so
7f0cd32f5000-7f0cd34f4000 ---p 00004000 08:06 9177002                    /usr/local/java/jdk1.8.0_112/jre/lib/amd64/libdt_socket.so
7f0cd34f4000-7f0cd34f5000 rw-p 00003000 08:06 9177002                    /usr/local/java/jdk1.8.0_112/jre/lib/amd64/libdt_socket.so
7f0cd34f5000-7f0cd34f8000 ---p 00000000 00:00 0 
7f0cd34f8000-7f0cd35f6000 rw-p 00000000 00:00 0 
7f0cd35f6000-7f0cd35f9000 ---p 00000000 00:00 0 
7f0cd35f9000-7f0cd36f7000 rw-p 00000000 00:00 0 
7f0cd36f7000-7f0cd36fa000 ---p 00000000 00:00 0 
7f0cd36fa000-7f0cd37f8000 rw-p 00000000 00:00 0 
7f0cd37f8000-7f0cd37f9000 ---p 00000000 00:00 0 
7f0cd37f9000-7f0cd4000000 rw-p 00000000 00:00 0 
7f0cd4000000-7f0cd4021000 rw-p 00000000 00:00 0 
7f0cd4021000-7f0cd8000000 ---p 00000000 00:00 0 
7f0cd8000000-7f0cd8021000 rw-p 00000000 00:00 0 
7f0cd8021000-7f0cdc000000 ---p 00000000 00:00 0 
7f0cdc000000-7f0cdc021000 rw-p 00000000 00:00 0 
7f0cdc021000-7f0ce0000000 ---p 00000000 00:00 0 
7f0ce0000000-7f0ce0001000 r--s 00001000 08:06 5770193                    /home/elma/.m2/repository/org/sonatype/sisu/inject/guice-bean-inject/2.3.0/guice-bean-inject-2.3.0.jar
7f0ce0001000-7f0ce0003000 r--s 00000000 08:06 5247250                    /home/elma/.m2/repository/org/codehaus/plexus/plexus-component-annotations/1.5.5/plexus-component-annotations-1.5.5.jar
7f0ce0003000-7f0ce0009000 r--s 0002c000 08:06 5247247                    /home/elma/.m2/repository/org/sonatype/sisu/sisu-inject-plexus/2.3.0/sisu-inject-plexus-2.3.0.jar
7f0ce0009000-7f0ce000b000 r--s 0000b000 08:06 5247245                    /home/elma/.m2/repository/org/apache/maven/maven-artifact/3.0.5/maven-artifact-3.0.5.jar
7f0ce000b000-7f0ce001c000 r--s 0008a000 08:06 4719356                    /home/elma/.m2/repository/joda-time/joda-time/2.9.9/joda-time-2.9.9.jar
7f0ce001c000-7f0ce0031000 r--s 00161000 08:06 4719355                    /home/elma/.m2/repository/org/projectlombok/lombok/1.16.20/lombok-1.16.20.jar
7f0ce0031000-7f0ce0054000 r--s 0016b000 08:06 4719343                    /home/elma/.m2/repository/com/sun/jersey/jersey-bundle/1.19.4/jersey-bundle-1.19.4.jar
7f0ce0054000-7f0ce1000000 rw-p 00000000 00:00 0 
7f0ce1000000-7f0ce2070000 rwxp 00000000 00:00 0 
7f0ce2070000-7f0cf0000000 ---p 00000000 00:00 0 
7f0cf0000000-7f0cf2f05000 rw-p 00000000 00:00 0 
7f0cf2f05000-7f0cf4000000 ---p 00000000 00:00 0 
7f0cf4000000-7f0cf4002000 r--s 00026000 08:06 5247242                    /home/elma/.m2/repository/org/apache/maven/maven-model/3.0.5/maven-model-3.0.5.jar
7f0cf4002000-7f0cf4004000 r--s 0000b000 08:06 5247243                    /home/elma/.m2/repository/org/apache/maven/maven-plugin-api/3.0.5/maven-plugin-api-3.0.5.jar
7f0cf4004000-7f0cf400a000 r--s 00044000 08:06 5247239                    /home/elma/.m2/repository/org/antlr/antlr4-runtime/4.5.1/antlr4-runtime-4.5.1.jar
7f0cf400a000-7f0cf400c000 r--s 00009000 08:06 4719352                    /home/elma/.m2/repository/org/hamcrest/hamcrest-core/1.3/hamcrest-core-1.3.jar
7f0cf400c000-7f0cf4015000 r--s 0006f000 08:06 4719346                    /home/elma/.m2/repository/log4j/log4j/1.2.17/log4j-1.2.17.jar
7f0cf4015000-7f0cf4165000 rw-p 00000000 00:00 0 
7f0cf4165000-7f0cf433e000 r--s 03d2c000 08:06 7223520                    /usr/local/java/jdk1.8.0_112/jre/lib/rt.jar
7f0cf433e000-7f0cf4b7a000 rw-p 00000000 00:00 0 
7f0cf4b7a000-7f0cf4b7b000 ---p 00000000 00:00 0 
7f0cf4b7b000-7f0cf4c7b000 rw-p 00000000 00:00 0 
7f0cf4c7b000-7f0cf4c7c000 ---p 00000000 00:00 0 
7f0cf4c7c000-7f0cf4d7c000 rw-p 00000000 00:00 0 
7f0cf4d7c000-7f0cf4d7d000 ---p 00000000 00:00 0 
7f0cf4d7d000-7f0cf4e7d000 rw-p 00000000 00:00 0 
7f0cf4e7d000-7f0cf4e7e000 ---p 00000000 00:00 0 
7f0cf4e7e000-7f0cf4fc3000 rw-p 00000000 00:00 0 
7f0cf4fc3000-7f0cf54ad000 ---p 00000000 00:00 0 
7f0cf54ad000-7f0cf54f2000 rw-p 00000000 00:00 0 
7f0cf54f2000-7f0cf59db000 ---p 00000000 00:00 0 
7f0cf59db000-7f0cf5a8b000 rw-p 00000000 00:00 0 
7f0cf5a8b000-7f0cf5c73000 ---p 00000000 00:00 0 
7f0cf5c73000-7f0cf5cb6000 rw-p 00000000 00:00 0 
7f0cf5cb6000-7f0cf6034000 ---p 00000000 00:00 0 
7f0cf6034000-7f0cf604e000 r-xp 00000000 08:06 9176984                    /usr/local/java/jdk1.8.0_112/jre/lib/amd64/libzip.so
7f0cf604e000-7f0cf624e000 ---p 0001a000 08:06 9176984                    /usr/local/java/jdk1.8.0_112/jre/lib/amd64/libzip.so
7f0cf624e000-7f0cf624f000 rw-p 0001a000 08:06 9176984                    /usr/local/java/jdk1.8.0_112/jre/lib/amd64/libzip.so
7f0cf624f000-7f0cf625a000 r-xp 00000000 08:06 3539147                    /lib/x86_64-linux-gnu/libnss_files-2.23.so
7f0cf625a000-7f0cf6459000 ---p 0000b000 08:06 3539147                    /lib/x86_64-linux-gnu/libnss_files-2.23.so
7f0cf6459000-7f0cf645a000 r--p 0000a000 08:06 3539147                    /lib/x86_64-linux-gnu/libnss_files-2.23.so
7f0cf645a000-7f0cf645b000 rw-p 0000b000 08:06 3539147                    /lib/x86_64-linux-gnu/libnss_files-2.23.so
7f0cf645b000-7f0cf6461000 rw-p 00000000 00:00 0 
7f0cf6461000-7f0cf646c000 r-xp 00000000 08:06 3539155                    /lib/x86_64-linux-gnu/libnss_nis-2.23.so
7f0cf646c000-7f0cf666b000 ---p 0000b000 08:06 3539155                    /lib/x86_64-linux-gnu/libnss_nis-2.23.so
7f0cf666b000-7f0cf666c000 r--p 0000a000 08:06 3539155                    /lib/x86_64-linux-gnu/libnss_nis-2.23.so
7f0cf666c000-7f0cf666d000 rw-p 0000b000 08:06 3539155                    /lib/x86_64-linux-gnu/libnss_nis-2.23.so
7f0cf666d000-7f0cf6683000 r-xp 00000000 08:06 3539039                    /lib/x86_64-linux-gnu/libnsl-2.23.so
7f0cf6683000-7f0cf6882000 ---p 00016000 08:06 3539039                    /lib/x86_64-linux-gnu/libnsl-2.23.so
7f0cf6882000-7f0cf6883000 r--p 00015000 08:06 3539039                    /lib/x86_64-linux-gnu/libnsl-2.23.so
7f0cf6883000-7f0cf6884000 rw-p 00016000 08:06 3539039                    /lib/x86_64-linux-gnu/libnsl-2.23.so
7f0cf6884000-7f0cf6886000 rw-p 00000000 00:00 0 
7f0cf6886000-7f0cf688e000 r-xp 00000000 08:06 3539138                    /lib/x86_64-linux-gnu/libnss_compat-2.23.so
7f0cf688e000-7f0cf6a8d000 ---p 00008000 08:06 3539138                    /lib/x86_64-linux-gnu/libnss_compat-2.23.so
7f0cf6a8d000-7f0cf6a8e000 r--p 00007000 08:06 3539138                    /lib/x86_64-linux-gnu/libnss_compat-2.23.so
7f0cf6a8e000-7f0cf6a8f000 rw-p 00008000 08:06 3539138                    /lib/x86_64-linux-gnu/libnss_compat-2.23.so
7f0cf6a8f000-7f0cf6ee5000 r--p 00000000 08:06 5899730                    /usr/lib/locale/locale-archive
7f0cf6ee5000-7f0cf6ee7000 r-xp 00000000 08:06 9176992                    /usr/local/java/jdk1.8.0_112/jre/lib/amd64/libnpt.so
7f0cf6ee7000-7f0cf70e7000 ---p 00002000 08:06 9176992                    /usr/local/java/jdk1.8.0_112/jre/lib/amd64/libnpt.so
7f0cf70e7000-7f0cf70e8000 rw-p 00002000 08:06 9176992                    /usr/local/java/jdk1.8.0_112/jre/lib/amd64/libnpt.so
7f0cf70e8000-7f0cf7121000 r-xp 00000000 08:06 9176958                    /usr/local/java/jdk1.8.0_112/jre/lib/amd64/libjdwp.so
7f0cf7121000-7f0cf7321000 ---p 00039000 08:06 9176958                    /usr/local/java/jdk1.8.0_112/jre/lib/amd64/libjdwp.so
7f0cf7321000-7f0cf7322000 rw-p 00039000 08:06 9176958                    /usr/local/java/jdk1.8.0_112/jre/lib/amd64/libjdwp.so
7f0cf7322000-7f0cf7323000 rw-p 00000000 00:00 0 
7f0cf7323000-7f0cf734e000 r-xp 00000000 08:06 9177011                    /usr/local/java/jdk1.8.0_112/jre/lib/amd64/libjava.so
7f0cf734e000-7f0cf754d000 ---p 0002b000 08:06 9177011                    /usr/local/java/jdk1.8.0_112/jre/lib/amd64/libjava.so
7f0cf754d000-7f0cf754f000 rw-p 0002a000 08:06 9177011                    /usr/local/java/jdk1.8.0_112/jre/lib/amd64/libjava.so
7f0cf754f000-7f0cf755c000 r-xp 00000000 08:06 9176962                    /usr/local/java/jdk1.8.0_112/jre/lib/amd64/libverify.so
7f0cf755c000-7f0cf775b000 ---p 0000d000 08:06 9176962                    /usr/local/java/jdk1.8.0_112/jre/lib/amd64/libverify.so
7f0cf775b000-7f0cf775d000 rw-p 0000c000 08:06 9176962                    /usr/local/java/jdk1.8.0_112/jre/lib/amd64/libverify.so
7f0cf775d000-7f0cf7764000 r-xp 00000000 08:06 3539159                    /lib/x86_64-linux-gnu/librt-2.23.so
7f0cf7764000-7f0cf7963000 ---p 00007000 08:06 3539159                    /lib/x86_64-linux-gnu/librt-2.23.so
7f0cf7963000-7f0cf7964000 r--p 00006000 08:06 3539159                    /lib/x86_64-linux-gnu/librt-2.23.so
7f0cf7964000-7f0cf7965000 rw-p 00007000 08:06 3539159                    /lib/x86_64-linux-gnu/librt-2.23.so
7f0cf7965000-7f0cf7a6d000 r-xp 00000000 08:06 3538973                    /lib/x86_64-linux-gnu/libm-2.23.so
7f0cf7a6d000-7f0cf7c6c000 ---p 00108000 08:06 3538973                    /lib/x86_64-linux-gnu/libm-2.23.so
7f0cf7c6c000-7f0cf7c6d000 r--p 00107000 08:06 3538973                    /lib/x86_64-linux-gnu/libm-2.23.so
7f0cf7c6d000-7f0cf7c6e000 rw-p 00108000 08:06 3538973                    /lib/x86_64-linux-gnu/libm-2.23.so
7f0cf7c6e000-7f0cf893c000 r-xp 00000000 08:06 9177015                    /usr/local/java/jdk1.8.0_112/jre/lib/amd64/server/libjvm.so
7f0cf893c000-7f0cf8b3c000 ---p 00cce000 08:06 9177015                    /usr/local/java/jdk1.8.0_112/jre/lib/amd64/server/libjvm.so
7f0cf8b3c000-7f0cf8c15000 rw-p 00cce000 08:06 9177015                    /usr/local/java/jdk1.8.0_112/jre/lib/amd64/server/libjvm.so
7f0cf8c15000-7f0cf8c60000 rw-p 00000000 00:00 0 
7f0cf8c60000-7f0cf8e20000 r-xp 00000000 08:06 3539120                    /lib/x86_64-linux-gnu/libc-2.23.so
7f0cf8e20000-7f0cf9020000 ---p 001c0000 08:06 3539120                    /lib/x86_64-linux-gnu/libc-2.23.so
7f0cf9020000-7f0cf9024000 r--p 001c0000 08:06 3539120                    /lib/x86_64-linux-gnu/libc-2.23.so
7f0cf9024000-7f0cf9026000 rw-p 001c4000 08:06 3539120                    /lib/x86_64-linux-gnu/libc-2.23.so
7f0cf9026000-7f0cf902a000 rw-p 00000000 00:00 0 
7f0cf902a000-7f0cf902d000 r-xp 00000000 08:06 3539125                    /lib/x86_64-linux-gnu/libdl-2.23.so
7f0cf902d000-7f0cf922c000 ---p 00003000 08:06 3539125                    /lib/x86_64-linux-gnu/libdl-2.23.so
7f0cf922c000-7f0cf922d000 r--p 00002000 08:06 3539125                    /lib/x86_64-linux-gnu/libdl-2.23.so
7f0cf922d000-7f0cf922e000 rw-p 00003000 08:06 3539125                    /lib/x86_64-linux-gnu/libdl-2.23.so
7f0cf922e000-7f0cf9243000 r-xp 00000000 08:06 9176231                    /usr/local/java/jdk1.8.0_112/lib/amd64/jli/libjli.so
7f0cf9243000-7f0cf9443000 ---p 00015000 08:06 9176231                    /usr/local/java/jdk1.8.0_112/lib/amd64/jli/libjli.so
7f0cf9443000-7f0cf9444000 rw-p 00015000 08:06 9176231                    /usr/local/java/jdk1.8.0_112/lib/amd64/jli/libjli.so
7f0cf9444000-7f0cf945c000 r-xp 00000000 08:06 3539119                    /lib/x86_64-linux-gnu/libpthread-2.23.so
7f0cf945c000-7f0cf965b000 ---p 00018000 08:06 3539119                    /lib/x86_64-linux-gnu/libpthread-2.23.so
7f0cf965b000-7f0cf965c000 r--p 00017000 08:06 3539119                    /lib/x86_64-linux-gnu/libpthread-2.23.so
7f0cf965c000-7f0cf965d000 rw-p 00018000 08:06 3539119                    /lib/x86_64-linux-gnu/libpthread-2.23.so
7f0cf965d000-7f0cf9661000 rw-p 00000000 00:00 0 
7f0cf9661000-7f0cf9687000 r-xp 00000000 08:06 3539041                    /lib/x86_64-linux-gnu/ld-2.23.so
7f0cf9687000-7f0cf968f000 r--s 00045000 08:06 4719350                    /home/elma/.m2/repository/junit/junit/4.12/junit-4.12.jar
7f0cf968f000-7f0cf9760000 rw-p 00000000 00:00 0 
7f0cf9760000-7f0cf9763000 ---p 00000000 00:00 0 
7f0cf9763000-7f0cf9866000 rw-p 00000000 00:00 0 
7f0cf9866000-7f0cf9867000 r--s 00005000 08:06 5245652                    /home/elma/.m2/repository/org/antlr/antlr4-maven-plugin/4.2/antlr4-maven-plugin-4.2.jar
7f0cf9867000-7f0cf9868000 r--s 00002000 08:06 4719348                    /home/elma/.m2/repository/org/slf4j/slf4j-log4j12/1.7.25/slf4j-log4j12-1.7.25.jar
7f0cf9868000-7f0cf986a000 r--s 00003000 08:06 4719344                    /home/elma/.m2/repository/com/sun/jersey/contribs/jersey-spring/1.19.4/jersey-spring-1.19.4.jar
7f0cf986a000-7f0cf987a000 r--s 0009d000 08:06 4458111                    /home/elma/.m2/repository/com/sun/jersey/jersey-server/1.19.4/jersey-server-1.19.4.jar
7f0cf987a000-7f0cf987c000 r--s 0000a000 08:06 4458165                    /home/elma/.m2/repository/javax/ws/rs/jsr311-api/1.1.1/jsr311-api-1.1.1.jar
7f0cf987c000-7f0cf9884000 rw-s 00000000 08:06 8127328                    /tmp/hsperfdata_elma/31138
7f0cf9884000-7f0cf9885000 rw-p 00000000 00:00 0 
7f0cf9885000-7f0cf9886000 ---p 00000000 00:00 0 
7f0cf9886000-7f0cf9887000 r--p 00025000 08:06 3539041                    /lib/x86_64-linux-gnu/ld-2.23.so
7f0cf9887000-7f0cf9888000 rw-p 00026000 08:06 3539041                    /lib/x86_64-linux-gnu/ld-2.23.so
7f0cf9888000-7f0cf9889000 rw-p 00000000 00:00 0 
7ffd1af51000-7ffd1af78000 rw-p 00000000 00:00 0                          [stack]
7ffd1afe6000-7ffd1afe9000 r--p 00000000 00:00 0                          [vvar]
7ffd1afe9000-7ffd1afeb000 r-xp 00000000 00:00 0                          [vdso]
ffffffffff600000-ffffffffff601000 r-xp 00000000 00:00 0                  [vsyscall]

VM Arguments:
jvm_args: -agentlib:jdwp=transport=dt_socket,suspend=y,address=localhost:45788 -ea -Dfile.encoding=UTF-8 
java_command: org.eclipse.jdt.internal.junit.runner.RemoteTestRunner -version 3 -port 38027 -testLoaderClass org.eclipse.jdt.internal.junit4.runner.JUnit4TestLoader -loaderpluginname org.eclipse.jdt.junit4.runtime -test de.ids_mannheim.korap.web.controller.OAuth2ControllerTest:testRequestTokenPasswordGrantNonNative
java_class_path (initial): /home/elma/git/Kustvakt/full/target/test-classes:/home/elma/git/Kustvakt/full/target/classes:/home/elma/git/Kustvakt/core/target/classes:/home/elma/.m2/repository/com/sun/jersey/jersey-bundle/1.19.4/jersey-bundle-1.19.4.jar:/home/elma/.m2/repository/javax/ws/rs/jsr311-api/1.1.1/jsr311-api-1.1.1.jar:/home/elma/.m2/repository/com/sun/jersey/jersey-server/1.19.4/jersey-server-1.19.4.jar:/home/elma/.m2/repository/com/sun/jersey/contribs/jersey-spring/1.19.4/jersey-spring-1.19.4.jar:/home/elma/.m2/repository/org/slf4j/slf4j-log4j12/1.7.25/slf4j-log4j12-1.7.25.jar:/home/elma/.m2/repository/log4j/log4j/1.2.17/log4j-1.2.17.jar:/home/elma/.m2/repository/junit/junit/4.12/junit-4.12.jar:/home/elma/.m2/repository/org/hamcrest/hamcrest-core/1.3/hamcrest-core-1.3.jar:/home/elma/.m2/repository/org/projectlombok/lombok/1.16.20/lombok-1.16.20.jar:/home/elma/.m2/repository/joda-time/joda-time/2.9.9/joda-time-2.9.9.jar:/home/elma/git/Koral/target/classes:/home/elma/.m2/repository/org/antlr/antlr4-runtime/4.5.1/antlr4-runtime-4.5.1.jar:/home/elma/.m2/repository/org/antlr/antlr4-maven-plugin/4.2/antlr4-maven-plugin-4.2.jar:/home/elma/.m2/repository/org/apache/maven/maven-plugin-api/3.0.5/maven-plugin-api-3.0.5.jar:/home/elma/.m2/repository/org/apache/maven/maven-model/3.0.5/maven-model-3.0.5.jar:/home/elma/.m2/repository/org/apache/maven/maven-artifact/3.0.5/maven-artifact-3.0.5.jar:/home/elma/.m2/repository/org/sonatype/sisu/sisu-inject-plexus/2.3.0/sisu-inject-plexus-2.3.0.jar:/home/elma/.m2/repository/org/codehaus/plexus/plexus-component-annotations/1.5.5/plexus-component-annotations-1.5.5.jar:/home/elma/.m2/repository/org/codehaus/plexus/plexus-classworlds/2.4/plexus-classworlds-2.4.jar:/home/elma/.m2/repository/org/sonatype/sisu/sisu-inject-bean/2.3.0/sisu-inject-bean-2.3.0.jar:/home/elma/.m2/repository/org/sonatype/sisu/sisu-guice/3.1.0/sisu-guice-3.1.0-no_aop.jar:/home/elma/.m2/repository/org/sonatype/sisu/sisu-guava/0.9.9/sisu-guava-0.9.9.jar:/home/e
Launcher Type: SUN_STANDARD

Environment Variables:
JAVA_HOME=/usr/local/java/jdk
PATH=/home/elma/.perlbrew/libs/perl-5.22.3@korap/bin:/home/elma/perl5/perlbrew/bin:/home/elma/perl5/perlbrew/perls/perl-5.22.3/bin:/home/elma/bin:/home/elma/.local/bin:/usr/local/sbin:/usr/local/bin:/usr/sbin:/usr/bin:/sbin:/bin:/usr/games:/usr/local/games:/usr/local/java:/snap/bin:/usr/local/java/jdk/bin:/usr/local/eclipse/default:/usr/sbin/openvpn:/usr/local/xml
USERNAME=elma
SHELL=/bin/bash
DISPLAY=:1

Signal Handlers:
SIGSEGV: [libjvm.so+0xac7800], sa_mask[0]=11111111011111111101111111111110, sa_flags=SA_RESTART|SA_SIGINFO
SIGBUS: [libjvm.so+0xac7800], sa_mask[0]=11111111011111111101111111111110, sa_flags=SA_RESTART|SA_SIGINFO
SIGFPE: [libjvm.so+0x920990], sa_mask[0]=11111111011111111101111111111110, sa_flags=SA_RESTART|SA_SIGINFO
SIGPIPE: [libjvm.so+0x920990], sa_mask[0]=11111111011111111101111111111110, sa_flags=SA_RESTART|SA_SIGINFO
SIGXFSZ: [libjvm.so+0x920990], sa_mask[0]=11111111011111111101111111111110, sa_flags=SA_RESTART|SA_SIGINFO
SIGILL: [libjvm.so+0x920990], sa_mask[0]=11111111011111111101111111111110, sa_flags=SA_RESTART|SA_SIGINFO
SIGUSR1: SIG_DFL, sa_mask[0]=00000000000000000000000000000000, sa_flags=none
SIGUSR2: [libjvm.so+0x9221d0], sa_mask[0]=00100000000000000000000000000000, sa_flags=SA_RESTART|SA_SIGINFO
SIGHUP: [libjvm.so+0x9235d0], sa_mask[0]=11111111011111111101111111111110, sa_flags=SA_RESTART|SA_SIGINFO
SIGINT: [libjvm.so+0x9235d0], sa_mask[0]=11111111011111111101111111111110, sa_flags=SA_RESTART|SA_SIGINFO
SIGTERM: [libjvm.so+0x9235d0], sa_mask[0]=11111111011111111101111111111110, sa_flags=SA_RESTART|SA_SIGINFO
SIGQUIT: [libjvm.so+0x9235d0], sa_mask[0]=11111111011111111101111111111110, sa_flags=SA_RESTART|SA_SIGINFO


---------------  S Y S T E M  ---------------

OS:DISTRIB_ID=Ubuntu
DISTRIB_RELEASE=16.04
DISTRIB_CODENAME=xenial
DISTRIB_DESCRIPTION="Ubuntu 16.04.4 LTS"

uname:Linux 4.4.0-119-generic #143-Ubuntu SMP Mon Apr 2 16:08:24 UTC 2018 x86_64
libc:glibc 2.23 NPTL 2.23 
rlimit: STACK 8192k, CORE 0k, NPROC 63149, NOFILE 1048576, AS infinity
load average:2,23 1,04 1,04

/proc/meminfo:
MemTotal:       16295828 kB
MemFree:          154036 kB
MemAvailable:      32696 kB
Buffers:             488 kB
Cached:          1487772 kB
SwapCached:            0 kB
Active:         14455584 kB
Inactive:        1231628 kB
Active(anon):   14443064 kB
Inactive(anon):  1222896 kB
Active(file):      12520 kB
Inactive(file):     8732 kB
Unevictable:          64 kB
Mlocked:              64 kB
SwapTotal:             0 kB
SwapFree:              0 kB
Dirty:               316 kB
Writeback:             0 kB
AnonPages:      14200032 kB
Mapped:           712548 kB
Shmem:           1465908 kB
Slab:             153108 kB
SReclaimable:      74676 kB
SUnreclaim:        78432 kB
KernelStack:       26016 kB
PageTables:       141888 kB
NFS_Unstable:          0 kB
Bounce:                0 kB
WritebackTmp:          0 kB
CommitLimit:     8147912 kB
Committed_AS:   27012252 kB
VmallocTotal:   34359738367 kB
VmallocUsed:           0 kB
VmallocChunk:          0 kB
HardwareCorrupted:     0 kB
AnonHugePages:         0 kB
CmaTotal:              0 kB
CmaFree:               0 kB
HugePages_Total:       0
HugePages_Free:        0
HugePages_Rsvd:        0
HugePages_Surp:        0
Hugepagesize:       2048 kB
DirectMap4k:      420984 kB
DirectMap2M:    16220160 kB


CPU:total 4 (2 cores per cpu, 2 threads per core) family 6 model 58 stepping 9, cmov, cx8, fxsr, mmx, sse, sse2, sse3, ssse3, sse4.1, sse4.2, popcnt, avx, aes, clmul, erms, ht, tsc, tscinvbit, tscinv

/proc/cpuinfo:
processor	: 0
vendor_id	: GenuineIntel
cpu family	: 6
model		: 58
model name	: Intel(R) Core(TM) i7-3520M CPU @ 2.90GHz
stepping	: 9
microcode	: 0x1f
cpu MHz		: 3352.671
cache size	: 4096 KB
physical id	: 0
siblings	: 4
core id		: 0
cpu cores	: 2
apicid		: 0
initial apicid	: 0
fpu		: yes
fpu_exception	: yes
cpuid level	: 13
wp		: yes
flags		: fpu vme de pse tsc msr pae mce cx8 apic sep mtrr pge mca cmov pat pse36 clflush dts acpi mmx fxsr sse sse2 ss ht tm pbe syscall nx rdtscp lm constant_tsc arch_perfmon pebs bts rep_good nopl xtopology nonstop_tsc aperfmperf eagerfpu pni pclmulqdq dtes64 monitor ds_cpl vmx smx est tm2 ssse3 cx16 xtpr pdcm pcid sse4_1 sse4_2 x2apic popcnt tsc_deadline_timer aes xsave avx f16c rdrand lahf_lm epb spec_ctrl retpoline kaiser tpr_shadow vnmi flexpriority ept vpid fsgsbase smep erms xsaveopt dtherm ida arat pln pts
bugs		: cpu_meltdown spectre_v1 spectre_v2
bogomips	: 5786.63
clflush size	: 64
cache_alignment	: 64
address sizes	: 36 bits physical, 48 bits virtual
power management:

processor	: 1
vendor_id	: GenuineIntel
cpu family	: 6
model		: 58
model name	: Intel(R) Core(TM) i7-3520M CPU @ 2.90GHz
stepping	: 9
microcode	: 0x1f
cpu MHz		: 3399.910
cache size	: 4096 KB
physical id	: 0
siblings	: 4
core id		: 0
cpu cores	: 2
apicid		: 1
initial apicid	: 1
fpu		: yes
fpu_exception	: yes
cpuid level	: 13
wp		: yes
flags		: fpu vme de pse tsc msr pae mce cx8 apic sep mtrr pge mca cmov pat pse36 clflush dts acpi mmx fxsr sse sse2 ss ht tm pbe syscall nx rdtscp lm constant_tsc arch_perfmon pebs bts rep_good nopl xtopology nonstop_tsc aperfmperf eagerfpu pni pclmulqdq dtes64 monitor ds_cpl vmx smx est tm2 ssse3 cx16 xtpr pdcm pcid sse4_1 sse4_2 x2apic popcnt tsc_deadline_timer aes xsave avx f16c rdrand lahf_lm epb spec_ctrl retpoline kaiser tpr_shadow vnmi flexpriority ept vpid fsgsbase smep erms xsaveopt dtherm ida arat pln pts
bugs		: cpu_meltdown spectre_v1 spectre_v2
bogomips	: 5786.63
clflush size	: 64
cache_alignment	: 64
address sizes	: 36 bits physical, 48 bits virtual
power management:

processor	: 2
vendor_id	: GenuineIntel
cpu family	: 6
model		: 58
model name	: Intel(R) Core(TM) i7-3520M CPU @ 2.90GHz
stepping	: 9
microcode	: 0x1f
cpu MHz		: 3399.910
cache size	: 4096 KB
physical id	: 0
siblings	: 4
core id		: 1
cpu cores	: 2
apicid		: 2
initial apicid	: 2
fpu		: yes
fpu_exception	: yes
cpuid level	: 13
wp		: yes
flags		: fpu vme de pse tsc msr pae mce cx8 apic sep mtrr pge mca cmov pat pse36 clflush dts acpi mmx fxsr sse sse2 ss ht tm pbe syscall nx rdtscp lm constant_tsc arch_perfmon pebs bts rep_good nopl xtopology nonstop_tsc aperfmperf eagerfpu pni pclmulqdq dtes64 monitor ds_cpl vmx smx est tm2 ssse3 cx16 xtpr pdcm pcid sse4_1 sse4_2 x2apic popcnt tsc_deadline_timer aes xsave avx f16c rdrand lahf_lm epb spec_ctrl retpoline kaiser tpr_shadow vnmi flexpriority ept vpid fsgsbase smep erms xsaveopt dtherm ida arat pln pts
bugs		: cpu_meltdown spectre_v1 spectre_v2
bogomips	: 5786.63
clflush size	: 64
cache_alignment	: 64
address sizes	: 36 bits physical, 48 bits virtual
power management:

processor	: 3
vendor_id	: GenuineIntel
cpu family	: 6
model		: 58
model name	: Intel(R) Core(TM) i7-3520M CPU @ 2.90GHz
stepping	: 9
microcode	: 0x1f
cpu MHz		: 3399.910
cache size	: 4096 KB
physical id	: 0
siblings	: 4
core id		: 1
cpu cores	: 2
apicid		: 3
initial apicid	: 3
fpu		: yes
fpu_exception	: yes
cpuid level	: 13
wp		: yes
flags		: fpu vme de pse tsc msr pae mce cx8 apic sep mtrr pge mca cmov pat pse36 clflush dts acpi mmx fxsr sse sse2 ss ht tm pbe syscall nx rdtscp lm constant_tsc arch_perfmon pebs bts rep_good nopl xtopology nonstop_tsc aperfmperf eagerfpu pni pclmulqdq dtes64 monitor ds_cpl vmx smx est tm2 ssse3 cx16 xtpr pdcm pcid sse4_1 sse4_2 x2apic popcnt tsc_deadline_timer aes xsave avx f16c rdrand lahf_lm epb spec_ctrl retpoline kaiser tpr_shadow vnmi flexpriority ept vpid fsgsbase smep erms xsaveopt dtherm ida arat pln pts
bugs		: cpu_meltdown spectre_v1 spectre_v2
bogomips	: 5786.63
clflush size	: 64
cache_alignment	: 64
address sizes	: 36 bits physical, 48 bits virtual
power management:



Memory: 4k page, physical 16295828k(153076k free), swap 0k(0k free)

vm_info: Java HotSpot(TM) 64-Bit Server VM (25.112-b15) for linux-amd64 JRE (1.8.0_112-b15), built on Sep 22 2016 21:10:53 by "java_re" with gcc 4.3.0 20080428 (Red Hat 4.3.0-8)

time: Mon Apr 23 17:48:10 2018
elapsed time: 12 seconds (0d 0h 0m 12s)

